[0.038s] Invoking command in '/home/davinci-mini/racecar/build/racecar': CMAKE_PREFIX_PATH=${CMAKE_PREFIX_PATH}:/home/davinci-mini/racecar/install/two_lap_control:/home/davinci-mini/racecar/install/racecar_twoloop:/home/davinci-mini/racecar/install/python_myself:/home/davinci-mini/racecar/install/nav2_waypoint_cycle:/home/davinci-mini/racecar/install/encoder:/opt/ros/humble /usr/bin/cmake --build /home/davinci-mini/racecar/build/racecar -- -j3 -l3
[0.233s] [ 15%] Built target car_controller_new
[0.313s] [ 30%] Built target my_car_control_new
[0.396s] [ 46%] Built target scan_node
[0.518s] [ 61%] Built target car_control_all
[0.593s] [ 84%] Built target car_test
[0.663s] [ 84%] Built target ament_cmake_python_symlink_racecar
[0.738s] [100%] Built target laser_2d_new
[1.640s] running egg_info
[1.642s] writing racecar.egg-info/PKG-INFO
[1.643s] writing dependency_links to racecar.egg-info/dependency_links.txt
[1.644s] writing top-level names to racecar.egg-info/top_level.txt
[1.653s] reading manifest file 'racecar.egg-info/SOURCES.txt'
[1.656s] writing manifest file 'racecar.egg-info/SOURCES.txt'
[1.764s] [100%] Built target ament_cmake_python_build_racecar_egg
[1.793s] Invoked command in '/home/davinci-mini/racecar/build/racecar' returned '0': CMAKE_PREFIX_PATH=${CMAKE_PREFIX_PATH}:/home/davinci-mini/racecar/install/two_lap_control:/home/davinci-mini/racecar/install/racecar_twoloop:/home/davinci-mini/racecar/install/python_myself:/home/davinci-mini/racecar/install/nav2_waypoint_cycle:/home/davinci-mini/racecar/install/encoder:/opt/ros/humble /usr/bin/cmake --build /home/davinci-mini/racecar/build/racecar -- -j3 -l3
[1.819s] Invoking command in '/home/davinci-mini/racecar/build/racecar': CMAKE_PREFIX_PATH=${CMAKE_PREFIX_PATH}:/home/davinci-mini/racecar/install/two_lap_control:/home/davinci-mini/racecar/install/racecar_twoloop:/home/davinci-mini/racecar/install/python_myself:/home/davinci-mini/racecar/install/nav2_waypoint_cycle:/home/davinci-mini/racecar/install/encoder:/opt/ros/humble /usr/bin/cmake --install /home/davinci-mini/racecar/build/racecar
[1.842s] -- Install configuration: ""
[1.848s] -- Execute custom install script
[1.849s] -- Up-to-date symlink: /home/davinci-mini/racecar/install/racecar/lib/racecar/car_controller_new
[1.850s] -- Up-to-date symlink: /home/davinci-mini/racecar/install/racecar/lib/racecar/laser_2d_new
[1.850s] -- Up-to-date symlink: /home/davinci-mini/racecar/install/racecar/lib/racecar/my_car_control_new
[1.851s] -- Up-to-date symlink: /home/davinci-mini/racecar/install/racecar/lib/racecar/scan_node
[1.851s] -- Up-to-date symlink: /home/davinci-mini/racecar/install/racecar/lib/racecar/car_control_all
[1.852s] -- Up-to-date symlink: /home/davinci-mini/racecar/install/racecar/lib/racecar/car_test
[1.852s] -- Up-to-date symlink: /home/davinci-mini/racecar/install/racecar/share/racecar/environment/pythonpath.sh
[1.853s] -- Up-to-date symlink: /home/davinci-mini/racecar/install/racecar/share/racecar/environment/pythonpath.dsv
[1.855s] -- Up-to-date symlink: /home/davinci-mini/racecar/install/racecar/local/lib/python3.10/dist-packages/racecar-0.0.0-py3.10.egg-info/PKG-INFO
[1.856s] -- Up-to-date symlink: /home/davinci-mini/racecar/install/racecar/local/lib/python3.10/dist-packages/racecar-0.0.0-py3.10.egg-info/SOURCES.txt
[1.856s] -- Up-to-date symlink: /home/davinci-mini/racecar/install/racecar/local/lib/python3.10/dist-packages/racecar-0.0.0-py3.10.egg-info/dependency_links.txt
[1.856s] -- Up-to-date symlink: /home/davinci-mini/racecar/install/racecar/local/lib/python3.10/dist-packages/racecar-0.0.0-py3.10.egg-info/top_level.txt
[1.857s] -- Up-to-date symlink: /home/davinci-mini/racecar/install/racecar/local/lib/python3.10/dist-packages/racecar/__init__.py
[1.858s] -- Up-to-date symlink: /home/davinci-mini/racecar/install/racecar/local/lib/python3.10/dist-packages/racecar/module_to_import.py
[1.858s] -- Up-to-date symlink: /home/davinci-mini/racecar/install/racecar/lib/racecar/racecar_teleop.py
[1.859s] -- Up-to-date symlink: /home/davinci-mini/racecar/install/racecar/lib/racecar/get.py
[1.859s] -- Up-to-date symlink: /home/davinci-mini/racecar/install/racecar/lib/racecar/detct.py
[1.860s] -- Up-to-date symlink: /home/davinci-mini/racecar/install/racecar/lib/racecar/go.py
[1.860s] -- Up-to-date symlink: /home/davinci-mini/racecar/install/racecar/lib/racecar/line_follow.py
[1.860s] -- Up-to-date symlink: /home/davinci-mini/racecar/install/racecar/lib/racecar/line_follow2.py
[1.861s] -- Up-to-date symlink: /home/davinci-mini/racecar/install/racecar/lib/racecar/zhuitong.py
[1.861s] -- Up-to-date symlink: /home/davinci-mini/racecar/install/racecar/lib/racecar/bus_control.py
[1.862s] -- Up-to-date symlink: /home/davinci-mini/racecar/install/racecar/lib/racecar/cv_follow_node.py
[1.862s] -- Up-to-date symlink: /home/davinci-mini/racecar/install/racecar/lib/racecar/odom_key_debug.py
[1.863s] -- Up-to-date symlink: /home/davinci-mini/racecar/install/racecar/share/racecar/config/camera/camera_info.yaml
[1.863s] -- Up-to-date symlink: /home/davinci-mini/racecar/install/racecar/share/racecar/config/camera/params_1.yaml
[1.864s] -- Up-to-date symlink: /home/davinci-mini/racecar/install/racecar/share/racecar/config/camera/params_2.yaml
[1.864s] -- Up-to-date symlink: /home/davinci-mini/racecar/install/racecar/share/racecar/config/ekf.yaml
[1.864s] -- Up-to-date symlink: /home/davinci-mini/racecar/install/racecar/share/racecar/config/ekf_carto.yaml
[1.865s] -- Up-to-date symlink: /home/davinci-mini/racecar/install/racecar/share/racecar/config/laser_box/x4_laser_filter.yaml
[1.865s] -- Up-to-date symlink: /home/davinci-mini/racecar/install/racecar/share/racecar/config/nav.yaml
[1.866s] -- Up-to-date symlink: /home/davinci-mini/racecar/install/racecar/share/racecar/maps/ceshi1.pgm
[1.866s] -- Up-to-date symlink: /home/davinci-mini/racecar/install/racecar/share/racecar/maps/ceshi1.yaml
[1.867s] -- Up-to-date symlink: /home/davinci-mini/racecar/install/racecar/share/racecar/launch/Run_car.launch.py
[1.867s] -- Up-to-date symlink: /home/davinci-mini/racecar/install/racecar/share/racecar/launch/Run_car_one.launch.py
[1.868s] -- Up-to-date symlink: /home/davinci-mini/racecar/install/racecar/share/racecar/launch/Run_nav.launch.py
[1.868s] -- Up-to-date symlink: /home/davinci-mini/racecar/install/racecar/share/racecar/launch/bringup_launch.py
[1.868s] -- Up-to-date symlink: /home/davinci-mini/racecar/install/racecar/share/racecar/launch/camer.launch.py
[1.868s] -- Up-to-date symlink: /home/davinci-mini/racecar/install/racecar/share/racecar/launch/car_go.launch.py
[1.869s] -- Up-to-date symlink: /home/davinci-mini/racecar/install/racecar/share/racecar/launch/ekf.launch.py
[1.869s] -- Up-to-date symlink: /home/davinci-mini/racecar/install/racecar/share/racecar/launch/xunxian.launch.py
[1.870s] -- Up-to-date symlink: /home/davinci-mini/racecar/install/racecar/share/ament_index/resource_index/package_run_dependencies/racecar
[1.870s] -- Up-to-date symlink: /home/davinci-mini/racecar/install/racecar/share/ament_index/resource_index/parent_prefix_path/racecar
[1.870s] -- Up-to-date symlink: /home/davinci-mini/racecar/install/racecar/share/racecar/environment/ament_prefix_path.sh
[1.871s] -- Up-to-date symlink: /home/davinci-mini/racecar/install/racecar/share/racecar/environment/ament_prefix_path.dsv
[1.871s] -- Up-to-date symlink: /home/davinci-mini/racecar/install/racecar/share/racecar/environment/path.sh
[1.872s] -- Up-to-date symlink: /home/davinci-mini/racecar/install/racecar/share/racecar/environment/path.dsv
[1.872s] -- Up-to-date symlink: /home/davinci-mini/racecar/install/racecar/share/racecar/local_setup.bash
[1.873s] -- Up-to-date symlink: /home/davinci-mini/racecar/install/racecar/share/racecar/local_setup.sh
[1.873s] -- Up-to-date symlink: /home/davinci-mini/racecar/install/racecar/share/racecar/local_setup.zsh
[1.874s] -- Up-to-date symlink: /home/davinci-mini/racecar/install/racecar/share/racecar/local_setup.dsv
[1.874s] -- Symlinking: /home/davinci-mini/racecar/install/racecar/share/racecar/package.dsv
[1.903s] -- Up-to-date symlink: /home/davinci-mini/racecar/install/racecar/share/ament_index/resource_index/packages/racecar
[1.904s] -- Up-to-date symlink: /home/davinci-mini/racecar/install/racecar/share/racecar/cmake/racecarConfig.cmake
[1.905s] -- Up-to-date symlink: /home/davinci-mini/racecar/install/racecar/share/racecar/cmake/racecarConfig-version.cmake
[1.905s] -- Up-to-date symlink: /home/davinci-mini/racecar/install/racecar/share/racecar/package.xml
[2.067s] Listing '/home/davinci-mini/racecar/install/racecar/local/lib/python3.10/dist-packages/racecar'...
[2.068s] Listing '/home/davinci-mini/racecar/install/racecar/local/lib/python3.10/dist-packages/racecar/config'...
[2.068s] Listing '/home/davinci-mini/racecar/install/racecar/local/lib/python3.10/dist-packages/racecar/config/camera'...
[2.068s] Listing '/home/davinci-mini/racecar/install/racecar/local/lib/python3.10/dist-packages/racecar/config/laser_box'...
[2.068s] Listing '/home/davinci-mini/racecar/install/racecar/local/lib/python3.10/dist-packages/racecar/include'...
[2.069s] Listing '/home/davinci-mini/racecar/install/racecar/local/lib/python3.10/dist-packages/racecar/include/racecar'...
[2.069s] Listing '/home/davinci-mini/racecar/install/racecar/local/lib/python3.10/dist-packages/racecar/launch'...
[2.069s] Listing '/home/davinci-mini/racecar/install/racecar/local/lib/python3.10/dist-packages/racecar/map'...
[2.069s] Listing '/home/davinci-mini/racecar/install/racecar/local/lib/python3.10/dist-packages/racecar/maps'...
[2.070s] Listing '/home/davinci-mini/racecar/install/racecar/local/lib/python3.10/dist-packages/racecar/racecar'...
[2.070s] Listing '/home/davinci-mini/racecar/install/racecar/local/lib/python3.10/dist-packages/racecar/rviz'...
[2.070s] Listing '/home/davinci-mini/racecar/install/racecar/local/lib/python3.10/dist-packages/racecar/scripts'...
[2.070s] Listing '/home/davinci-mini/racecar/install/racecar/local/lib/python3.10/dist-packages/racecar/scripts/build'...
[2.071s] Listing '/home/davinci-mini/racecar/install/racecar/local/lib/python3.10/dist-packages/racecar/scripts/install'...
[2.071s] Listing '/home/davinci-mini/racecar/install/racecar/local/lib/python3.10/dist-packages/racecar/scripts/log'...
[2.071s] Listing '/home/davinci-mini/racecar/install/racecar/local/lib/python3.10/dist-packages/racecar/scripts/log/build_2025-03-02_17-14-47'...
[2.071s] Listing '/home/davinci-mini/racecar/install/racecar/local/lib/python3.10/dist-packages/racecar/scripts/log/build_2025-03-02_17-17-54'...
[2.072s] Listing '/home/davinci-mini/racecar/install/racecar/local/lib/python3.10/dist-packages/racecar/scripts/log/build_2025-03-02_17-18-25'...
[2.072s] Listing '/home/davinci-mini/racecar/install/racecar/local/lib/python3.10/dist-packages/racecar/scripts/log/latest'...
[2.072s] Listing '/home/davinci-mini/racecar/install/racecar/local/lib/python3.10/dist-packages/racecar/scripts/log/latest_build'...
[2.072s] Listing '/home/davinci-mini/racecar/install/racecar/local/lib/python3.10/dist-packages/racecar/src'...
[2.092s] Invoked command in '/home/davinci-mini/racecar/build/racecar' returned '0': CMAKE_PREFIX_PATH=${CMAKE_PREFIX_PATH}:/home/davinci-mini/racecar/install/two_lap_control:/home/davinci-mini/racecar/install/racecar_twoloop:/home/davinci-mini/racecar/install/python_myself:/home/davinci-mini/racecar/install/nav2_waypoint_cycle:/home/davinci-mini/racecar/install/encoder:/opt/ros/humble /usr/bin/cmake --install /home/davinci-mini/racecar/build/racecar
