[0.044s] Invoking command in '/home/davinci-mini/racecar/build/slam_gmapping': CMAKE_PREFIX_PATH=/home/davinci-mini/racecar/install/openslam_gmapping:/home/davinci-mini/racecar/install/slam_gmapping:/home/davinci-mini/racecar/install/serial:/home/davinci-mini/racecar/install/racecar_driver:/home/davinci-mini/racecar/install/racecar:/home/davinci-mini/racecar/install/odom_tf:/home/davinci-mini/racecar/install/lslidar_driver:/home/davinci-mini/racecar/install/lslidar_msgs:/home/davinci-mini/racecar/install/lidar_tracking:/home/davinci-mini/racecar/install/hipnuc_imu:/home/davinci-mini/racecar/install/two_lap_control:/home/davinci-mini/racecar/install/racecar_twoloop:/home/davinci-mini/racecar/install/python_myself:/home/davinci-mini/racecar/install/nav2_waypoint_cycle:/home/davinci-mini/racecar/install/encoder:/opt/ros/humble /usr/bin/cmake --build /home/davinci-mini/racecar/build/slam_gmapping -- -j3 -l3
[0.456s] [100%] Built target slam_gmapping
[0.486s] Invoked command in '/home/davinci-mini/racecar/build/slam_gmapping' returned '0': CMAKE_PREFIX_PATH=/home/davinci-mini/racecar/install/openslam_gmapping:/home/davinci-mini/racecar/install/slam_gmapping:/home/davinci-mini/racecar/install/serial:/home/davinci-mini/racecar/install/racecar_driver:/home/davinci-mini/racecar/install/racecar:/home/davinci-mini/racecar/install/odom_tf:/home/davinci-mini/racecar/install/lslidar_driver:/home/davinci-mini/racecar/install/lslidar_msgs:/home/davinci-mini/racecar/install/lidar_tracking:/home/davinci-mini/racecar/install/hipnuc_imu:/home/davinci-mini/racecar/install/two_lap_control:/home/davinci-mini/racecar/install/racecar_twoloop:/home/davinci-mini/racecar/install/python_myself:/home/davinci-mini/racecar/install/nav2_waypoint_cycle:/home/davinci-mini/racecar/install/encoder:/opt/ros/humble /usr/bin/cmake --build /home/davinci-mini/racecar/build/slam_gmapping -- -j3 -l3
[0.513s] Invoking command in '/home/davinci-mini/racecar/build/slam_gmapping': CMAKE_PREFIX_PATH=/home/davinci-mini/racecar/install/openslam_gmapping:/home/davinci-mini/racecar/install/slam_gmapping:/home/davinci-mini/racecar/install/serial:/home/davinci-mini/racecar/install/racecar_driver:/home/davinci-mini/racecar/install/racecar:/home/davinci-mini/racecar/install/odom_tf:/home/davinci-mini/racecar/install/lslidar_driver:/home/davinci-mini/racecar/install/lslidar_msgs:/home/davinci-mini/racecar/install/lidar_tracking:/home/davinci-mini/racecar/install/hipnuc_imu:/home/davinci-mini/racecar/install/two_lap_control:/home/davinci-mini/racecar/install/racecar_twoloop:/home/davinci-mini/racecar/install/python_myself:/home/davinci-mini/racecar/install/nav2_waypoint_cycle:/home/davinci-mini/racecar/install/encoder:/opt/ros/humble /usr/bin/cmake --install /home/davinci-mini/racecar/build/slam_gmapping
[0.535s] -- Install configuration: ""
[0.539s] -- Execute custom install script
[0.540s] -- Up-to-date symlink: /home/davinci-mini/racecar/install/slam_gmapping/lib/slam_gmapping/slam_gmapping
[0.544s] -- Up-to-date symlink: /home/davinci-mini/racecar/install/slam_gmapping/share/slam_gmapping/launch/slam_gmapping.launch.py
[0.544s] -- Up-to-date symlink: /home/davinci-mini/racecar/install/slam_gmapping/share/slam_gmapping/launch/slam_gmapping_params.launch.py
[0.545s] -- Up-to-date symlink: /home/davinci-mini/racecar/install/slam_gmapping/share/ament_index/resource_index/package_run_dependencies/slam_gmapping
[0.546s] -- Up-to-date symlink: /home/davinci-mini/racecar/install/slam_gmapping/share/ament_index/resource_index/parent_prefix_path/slam_gmapping
[0.547s] -- Up-to-date symlink: /home/davinci-mini/racecar/install/slam_gmapping/share/slam_gmapping/environment/ament_prefix_path.sh
[0.547s] -- Up-to-date symlink: /home/davinci-mini/racecar/install/slam_gmapping/share/slam_gmapping/environment/ament_prefix_path.dsv
[0.547s] -- Up-to-date symlink: /home/davinci-mini/racecar/install/slam_gmapping/share/slam_gmapping/environment/path.sh
[0.548s] -- Up-to-date symlink: /home/davinci-mini/racecar/install/slam_gmapping/share/slam_gmapping/environment/path.dsv
[0.548s] -- Up-to-date symlink: /home/davinci-mini/racecar/install/slam_gmapping/share/slam_gmapping/local_setup.bash
[0.549s] -- Up-to-date symlink: /home/davinci-mini/racecar/install/slam_gmapping/share/slam_gmapping/local_setup.sh
[0.549s] -- Up-to-date symlink: /home/davinci-mini/racecar/install/slam_gmapping/share/slam_gmapping/local_setup.zsh
[0.550s] -- Up-to-date symlink: /home/davinci-mini/racecar/install/slam_gmapping/share/slam_gmapping/local_setup.dsv
[0.550s] -- Symlinking: /home/davinci-mini/racecar/install/slam_gmapping/share/slam_gmapping/package.dsv
[0.573s] -- Up-to-date symlink: /home/davinci-mini/racecar/install/slam_gmapping/share/ament_index/resource_index/packages/slam_gmapping
[0.574s] -- Up-to-date symlink: /home/davinci-mini/racecar/install/slam_gmapping/share/slam_gmapping/cmake/slam_gmappingConfig.cmake
[0.574s] -- Up-to-date symlink: /home/davinci-mini/racecar/install/slam_gmapping/share/slam_gmapping/cmake/slam_gmappingConfig-version.cmake
[0.575s] -- Up-to-date symlink: /home/davinci-mini/racecar/install/slam_gmapping/share/slam_gmapping/package.xml
[0.580s] Invoked command in '/home/davinci-mini/racecar/build/slam_gmapping' returned '0': CMAKE_PREFIX_PATH=/home/davinci-mini/racecar/install/openslam_gmapping:/home/davinci-mini/racecar/install/slam_gmapping:/home/davinci-mini/racecar/install/serial:/home/davinci-mini/racecar/install/racecar_driver:/home/davinci-mini/racecar/install/racecar:/home/davinci-mini/racecar/install/odom_tf:/home/davinci-mini/racecar/install/lslidar_driver:/home/davinci-mini/racecar/install/lslidar_msgs:/home/davinci-mini/racecar/install/lidar_tracking:/home/davinci-mini/racecar/install/hipnuc_imu:/home/davinci-mini/racecar/install/two_lap_control:/home/davinci-mini/racecar/install/racecar_twoloop:/home/davinci-mini/racecar/install/python_myself:/home/davinci-mini/racecar/install/nav2_waypoint_cycle:/home/davinci-mini/racecar/install/encoder:/opt/ros/humble /usr/bin/cmake --install /home/davinci-mini/racecar/build/slam_gmapping
