/home/davinci-mini/racecar/install/encoder/lib/python3.10/site-packages/encoder/encoder_node.py
/home/davinci-mini/racecar/install/encoder/lib/python3.10/site-packages/encoder/__init__.py
/home/davinci-mini/racecar/install/encoder/lib/python3.10/site-packages/encoder/encoder_imu.py
/home/davinci-mini/racecar/install/encoder/lib/python3.10/site-packages/encoder/test.py
/home/davinci-mini/racecar/install/encoder/lib/python3.10/site-packages/encoder/__pycache__/encoder_node.cpython-310.pyc
/home/davinci-mini/racecar/install/encoder/lib/python3.10/site-packages/encoder/__pycache__/__init__.cpython-310.pyc
/home/davinci-mini/racecar/install/encoder/lib/python3.10/site-packages/encoder/__pycache__/encoder_imu.cpython-310.pyc
/home/davinci-mini/racecar/install/encoder/lib/python3.10/site-packages/encoder/__pycache__/test.cpython-310.pyc
/home/davinci-mini/racecar/install/encoder/share/ament_index/resource_index/packages/encoder
/home/davinci-mini/racecar/install/encoder/share/encoder/package.xml
/home/davinci-mini/racecar/install/encoder/lib/python3.10/site-packages/encoder-0.0.0-py3.10.egg-info/SOURCES.txt
/home/davinci-mini/racecar/install/encoder/lib/python3.10/site-packages/encoder-0.0.0-py3.10.egg-info/top_level.txt
/home/davinci-mini/racecar/install/encoder/lib/python3.10/site-packages/encoder-0.0.0-py3.10.egg-info/PKG-INFO
/home/davinci-mini/racecar/install/encoder/lib/python3.10/site-packages/encoder-0.0.0-py3.10.egg-info/zip-safe
/home/davinci-mini/racecar/install/encoder/lib/python3.10/site-packages/encoder-0.0.0-py3.10.egg-info/entry_points.txt
/home/davinci-mini/racecar/install/encoder/lib/python3.10/site-packages/encoder-0.0.0-py3.10.egg-info/dependency_links.txt
/home/davinci-mini/racecar/install/encoder/lib/python3.10/site-packages/encoder-0.0.0-py3.10.egg-info/requires.txt
/home/davinci-mini/racecar/install/encoder/lib/encoder/encoder_imu_node
/home/davinci-mini/racecar/install/encoder/lib/encoder/encoder_node
/home/davinci-mini/racecar/install/encoder/lib/encoder/test
