[2.413s] Invoking command in '/home/davinci-mini/racecar/build/python_myself': PYTHONPATH=/home/davinci-mini/racecar/build/python_myself/prefix_override:/usr/lib/python3/dist-packages/colcon_core/task/python/colcon_distutils_commands:/home/davinci-mini/racecar/install/python_myself/lib/python3.10/site-packages:${PYTHONPATH} /usr/bin/python3 -W ignore:setup.py install is deprecated -W ignore:easy_install command is deprecated setup.py develop --editable --build-directory /home/davinci-mini/racecar/build/python_myself/build --no-deps symlink_data
[3.383s] running develop
[3.980s] running egg_info
[3.981s] writing python_myself.egg-info/PKG-INFO
[3.981s] writing dependency_links to python_myself.egg-info/dependency_links.txt
[3.982s] writing entry points to python_myself.egg-info/entry_points.txt
[3.983s] writing requirements to python_myself.egg-info/requires.txt
[3.983s] writing top-level names to python_myself.egg-info/top_level.txt
[3.990s] reading manifest file 'python_myself.egg-info/SOURCES.txt'
[3.994s] writing manifest file 'python_myself.egg-info/SOURCES.txt'
[3.999s] running build_ext
[4.000s] Creating /home/davinci-mini/racecar/install/python_myself/lib/python3.10/site-packages/python-myself.egg-link (link to .)
[4.003s] Installing drive script to /home/davinci-mini/racecar/install/python_myself/lib/python_myself
[4.004s] Installing node1 script to /home/davinci-mini/racecar/install/python_myself/lib/python_myself
[4.004s] Installing node2a script to /home/davinci-mini/racecar/install/python_myself/lib/python_myself
[4.005s] Installing node2b script to /home/davinci-mini/racecar/install/python_myself/lib/python_myself
[4.005s] Installing node2c script to /home/davinci-mini/racecar/install/python_myself/lib/python_myself
[4.006s] Installing node2d script to /home/davinci-mini/racecar/install/python_myself/lib/python_myself
[4.006s] Installing node3 script to /home/davinci-mini/racecar/install/python_myself/lib/python_myself
[4.007s] 
[4.007s] Installed /home/davinci-mini/racecar/build/python_myself
[4.007s] running symlink_data
[4.142s] Invoked command in '/home/davinci-mini/racecar/build/python_myself' returned '0': PYTHONPATH=/home/davinci-mini/racecar/build/python_myself/prefix_override:/usr/lib/python3/dist-packages/colcon_core/task/python/colcon_distutils_commands:/home/davinci-mini/racecar/install/python_myself/lib/python3.10/site-packages:${PYTHONPATH} /usr/bin/python3 -W ignore:setup.py install is deprecated -W ignore:easy_install command is deprecated setup.py develop --editable --build-directory /home/davinci-mini/racecar/build/python_myself/build --no-deps symlink_data
