[2.290s] Invoking command in '/home/davinci-mini/racecar/build/python_myself': PYTHONPATH=/home/davinci-mini/racecar/build/python_myself/prefix_override:/usr/lib/python3/dist-packages/colcon_core/task/python/colcon_distutils_commands:/home/davinci-mini/racecar/install/python_myself/lib/python3.10/site-packages:${PYTHONPATH} /usr/bin/python3 -W ignore:setup.py install is deprecated -W ignore:easy_install command is deprecated setup.py develop --editable --build-directory /home/davinci-mini/racecar/build/python_myself/build --no-deps symlink_data
[3.289s] running develop
[3.912s] running egg_info
[3.913s] writing python_myself.egg-info/PKG-INFO
[3.913s] writing dependency_links to python_myself.egg-info/dependency_links.txt
[3.914s] writing entry points to python_myself.egg-info/entry_points.txt
[3.915s] writing requirements to python_myself.egg-info/requires.txt
[3.915s] writing top-level names to python_myself.egg-info/top_level.txt
[3.922s] reading manifest file 'python_myself.egg-info/SOURCES.txt'
[3.925s] writing manifest file 'python_myself.egg-info/SOURCES.txt'
[3.930s] running build_ext
[3.931s] Creating /home/davinci-mini/racecar/install/python_myself/lib/python3.10/site-packages/python-myself.egg-link (link to .)
[3.935s] Installing drive script to /home/davinci-mini/racecar/install/python_myself/lib/python_myself
[3.935s] Installing node1 script to /home/davinci-mini/racecar/install/python_myself/lib/python_myself
[3.936s] Installing node2a script to /home/davinci-mini/racecar/install/python_myself/lib/python_myself
[3.936s] Installing node2b script to /home/davinci-mini/racecar/install/python_myself/lib/python_myself
[3.936s] Installing node2c script to /home/davinci-mini/racecar/install/python_myself/lib/python_myself
[3.937s] Installing node2d script to /home/davinci-mini/racecar/install/python_myself/lib/python_myself
[3.937s] Installing node3 script to /home/davinci-mini/racecar/install/python_myself/lib/python_myself
[3.938s] 
[3.938s] Installed /home/davinci-mini/racecar/build/python_myself
[3.938s] running symlink_data
[4.072s] Invoked command in '/home/davinci-mini/racecar/build/python_myself' returned '0': PYTHONPATH=/home/davinci-mini/racecar/build/python_myself/prefix_override:/usr/lib/python3/dist-packages/colcon_core/task/python/colcon_distutils_commands:/home/davinci-mini/racecar/install/python_myself/lib/python3.10/site-packages:${PYTHONPATH} /usr/bin/python3 -W ignore:setup.py install is deprecated -W ignore:easy_install command is deprecated setup.py develop --editable --build-directory /home/davinci-mini/racecar/build/python_myself/build --no-deps symlink_data
