[0.040s] Invoking command in '/home/davinci-mini/racecar/build/slam_gmapping': CMAKE_PREFIX_PATH=/home/davinci-mini/racecar/install/openslam_gmapping:/home/davinci-mini/racecar/install/slam_gmapping:/home/davinci-mini/racecar/install/serial:/home/davinci-mini/racecar/install/racecar_driver:/home/davinci-mini/racecar/install/racecar:/home/davinci-mini/racecar/install/odom_tf:/home/davinci-mini/racecar/install/lslidar_driver:/home/davinci-mini/racecar/install/lslidar_msgs:/home/davinci-mini/racecar/install/lidar_tracking:/home/davinci-mini/racecar/install/hipnuc_imu:/home/davinci-mini/racecar/install/two_lap_control:/home/davinci-mini/racecar/install/racecar_twoloop:/home/davinci-mini/racecar/install/python_myself:/home/davinci-mini/racecar/install/nav2_waypoint_cycle:/home/davinci-mini/racecar/install/encoder:/opt/ros/humble /usr/bin/cmake --build /home/davinci-mini/racecar/build/slam_gmapping -- -j3 -l3
[0.163s] [35m[1mConsolidate compiler generated dependencies of target slam_gmapping[0m
[0.217s] [100%] Built target slam_gmapping
[0.246s] Invoked command in '/home/davinci-mini/racecar/build/slam_gmapping' returned '0': CMAKE_PREFIX_PATH=/home/davinci-mini/racecar/install/openslam_gmapping:/home/davinci-mini/racecar/install/slam_gmapping:/home/davinci-mini/racecar/install/serial:/home/davinci-mini/racecar/install/racecar_driver:/home/davinci-mini/racecar/install/racecar:/home/davinci-mini/racecar/install/odom_tf:/home/davinci-mini/racecar/install/lslidar_driver:/home/davinci-mini/racecar/install/lslidar_msgs:/home/davinci-mini/racecar/install/lidar_tracking:/home/davinci-mini/racecar/install/hipnuc_imu:/home/davinci-mini/racecar/install/two_lap_control:/home/davinci-mini/racecar/install/racecar_twoloop:/home/davinci-mini/racecar/install/python_myself:/home/davinci-mini/racecar/install/nav2_waypoint_cycle:/home/davinci-mini/racecar/install/encoder:/opt/ros/humble /usr/bin/cmake --build /home/davinci-mini/racecar/build/slam_gmapping -- -j3 -l3
[0.272s] Invoking command in '/home/davinci-mini/racecar/build/slam_gmapping': CMAKE_PREFIX_PATH=/home/davinci-mini/racecar/install/openslam_gmapping:/home/davinci-mini/racecar/install/slam_gmapping:/home/davinci-mini/racecar/install/serial:/home/davinci-mini/racecar/install/racecar_driver:/home/davinci-mini/racecar/install/racecar:/home/davinci-mini/racecar/install/odom_tf:/home/davinci-mini/racecar/install/lslidar_driver:/home/davinci-mini/racecar/install/lslidar_msgs:/home/davinci-mini/racecar/install/lidar_tracking:/home/davinci-mini/racecar/install/hipnuc_imu:/home/davinci-mini/racecar/install/two_lap_control:/home/davinci-mini/racecar/install/racecar_twoloop:/home/davinci-mini/racecar/install/python_myself:/home/davinci-mini/racecar/install/nav2_waypoint_cycle:/home/davinci-mini/racecar/install/encoder:/opt/ros/humble /usr/bin/cmake --install /home/davinci-mini/racecar/build/slam_gmapping
[0.291s] -- Install configuration: ""
[0.293s] -- Execute custom install script
[0.294s] -- Up-to-date symlink: /home/davinci-mini/racecar/install/slam_gmapping/lib/slam_gmapping/slam_gmapping
[0.295s] -- Up-to-date symlink: /home/davinci-mini/racecar/install/slam_gmapping/share/slam_gmapping/launch/slam_gmapping.launch.py
[0.295s] -- Up-to-date symlink: /home/davinci-mini/racecar/install/slam_gmapping/share/ament_index/resource_index/package_run_dependencies/slam_gmapping
[0.296s] -- Up-to-date symlink: /home/davinci-mini/racecar/install/slam_gmapping/share/ament_index/resource_index/parent_prefix_path/slam_gmapping
[0.297s] -- Up-to-date symlink: /home/davinci-mini/racecar/install/slam_gmapping/share/slam_gmapping/environment/ament_prefix_path.sh
[0.297s] -- Up-to-date symlink: /home/davinci-mini/racecar/install/slam_gmapping/share/slam_gmapping/environment/ament_prefix_path.dsv
[0.298s] -- Up-to-date symlink: /home/davinci-mini/racecar/install/slam_gmapping/share/slam_gmapping/environment/path.sh
[0.298s] -- Up-to-date symlink: /home/davinci-mini/racecar/install/slam_gmapping/share/slam_gmapping/environment/path.dsv
[0.299s] -- Up-to-date symlink: /home/davinci-mini/racecar/install/slam_gmapping/share/slam_gmapping/local_setup.bash
[0.299s] -- Up-to-date symlink: /home/davinci-mini/racecar/install/slam_gmapping/share/slam_gmapping/local_setup.sh
[0.300s] -- Up-to-date symlink: /home/davinci-mini/racecar/install/slam_gmapping/share/slam_gmapping/local_setup.zsh
[0.300s] -- Up-to-date symlink: /home/davinci-mini/racecar/install/slam_gmapping/share/slam_gmapping/local_setup.dsv
[0.301s] -- Symlinking: /home/davinci-mini/racecar/install/slam_gmapping/share/slam_gmapping/package.dsv
[0.340s] -- Up-to-date symlink: /home/davinci-mini/racecar/install/slam_gmapping/share/ament_index/resource_index/packages/slam_gmapping
[0.340s] -- Up-to-date symlink: /home/davinci-mini/racecar/install/slam_gmapping/share/slam_gmapping/cmake/slam_gmappingConfig.cmake
[0.341s] -- Up-to-date symlink: /home/davinci-mini/racecar/install/slam_gmapping/share/slam_gmapping/cmake/slam_gmappingConfig-version.cmake
[0.341s] -- Up-to-date symlink: /home/davinci-mini/racecar/install/slam_gmapping/share/slam_gmapping/package.xml
[0.347s] Invoked command in '/home/davinci-mini/racecar/build/slam_gmapping' returned '0': CMAKE_PREFIX_PATH=/home/davinci-mini/racecar/install/openslam_gmapping:/home/davinci-mini/racecar/install/slam_gmapping:/home/davinci-mini/racecar/install/serial:/home/davinci-mini/racecar/install/racecar_driver:/home/davinci-mini/racecar/install/racecar:/home/davinci-mini/racecar/install/odom_tf:/home/davinci-mini/racecar/install/lslidar_driver:/home/davinci-mini/racecar/install/lslidar_msgs:/home/davinci-mini/racecar/install/lidar_tracking:/home/davinci-mini/racecar/install/hipnuc_imu:/home/davinci-mini/racecar/install/two_lap_control:/home/davinci-mini/racecar/install/racecar_twoloop:/home/davinci-mini/racecar/install/python_myself:/home/davinci-mini/racecar/install/nav2_waypoint_cycle:/home/davinci-mini/racecar/install/encoder:/opt/ros/humble /usr/bin/cmake --install /home/davinci-mini/racecar/build/slam_gmapping
