[0.960s] DEBUG:colcon:Command line arguments: ['/usr/bin/colcon', 'build']
[0.960s] DEBUG:colcon:Parsed command line arguments: Namespace(log_base=None, log_level=None, verb_name='build', build_base='build', install_base='install', merge_install=False, symlink_install=False, test_result_base=None, continue_on_error=False, executor='parallel', parallel_workers=3, event_handlers=None, ignore_user_meta=False, metas=['./colcon.meta'], base_paths=['.'], packages_ignore=None, packages_ignore_regex=None, paths=None, packages_up_to=None, packages_up_to_regex=None, packages_above=None, packages_above_and_dependencies=None, packages_above_depth=None, packages_select_by_dep=None, packages_skip_by_dep=None, packages_skip_up_to=None, packages_select_build_failed=False, packages_skip_build_finished=False, packages_select_test_failures=False, packages_skip_test_passed=False, packages_select=None, packages_skip=None, packages_select_regex=None, packages_skip_regex=None, packages_start=None, packages_end=None, allow_overriding=[], cmake_args=None, cmake_target=None, cmake_target_skip_unavailable=False, cmake_clean_cache=False, cmake_clean_first=False, cmake_force_configure=False, ament_cmake_args=None, catkin_cmake_args=None, catkin_skip_building_tests=False, verb_parser=<colcon_defaults.argument_parser.defaults.DefaultArgumentsDecorator object at 0xe7ffd84e4280>, verb_extension=<colcon_core.verb.build.BuildVerb object at 0xe7ffd8689600>, main=<bound method BuildVerb.main of <colcon_core.verb.build.BuildVerb object at 0xe7ffd8689600>>)
[1.867s] Level 1:colcon.colcon_core.package_discovery:discover_packages(colcon_meta) check parameters
[1.868s] Level 1:colcon.colcon_core.package_discovery:discover_packages(recursive) check parameters
[1.868s] Level 1:colcon.colcon_core.package_discovery:discover_packages(ignore) check parameters
[1.868s] Level 1:colcon.colcon_core.package_discovery:discover_packages(path) check parameters
[1.868s] Level 1:colcon.colcon_core.package_discovery:discover_packages(colcon_meta) discover
[1.868s] Level 1:colcon.colcon_core.package_discovery:discover_packages(recursive) discover
[1.868s] INFO:colcon.colcon_core.package_discovery:Crawling recursively for packages in '/home/davinci-mini/racecar/src/lidar_tracking'
[1.869s] Level 1:colcon.colcon_core.package_identification:_identify(.) by extensions ['ignore', 'ignore_ament_install']
[1.869s] Level 1:colcon.colcon_core.package_identification:_identify(.) by extension 'ignore'
[1.869s] Level 1:colcon.colcon_core.package_identification:_identify(.) by extension 'ignore_ament_install'
[1.870s] Level 1:colcon.colcon_core.package_identification:_identify(.) by extensions ['colcon_pkg']
[1.870s] Level 1:colcon.colcon_core.package_identification:_identify(.) by extension 'colcon_pkg'
[1.870s] Level 1:colcon.colcon_core.package_identification:_identify(.) by extensions ['colcon_meta']
[1.870s] Level 1:colcon.colcon_core.package_identification:_identify(.) by extension 'colcon_meta'
[1.870s] Level 1:colcon.colcon_core.package_identification:_identify(.) by extensions ['ros']
[1.870s] Level 1:colcon.colcon_core.package_identification:_identify(.) by extension 'ros'
[1.947s] DEBUG:colcon.colcon_core.package_identification:Package '.' with type 'ros.ament_cmake' and name 'lidar_tracking'
[1.950s] Level 1:colcon.colcon_core.package_discovery:discover_packages(recursive) using defaults
[1.951s] Level 1:colcon.colcon_core.package_discovery:discover_packages(ignore) discover
[1.951s] Level 1:colcon.colcon_core.package_discovery:discover_packages(ignore) using defaults
[1.951s] Level 1:colcon.colcon_core.package_discovery:discover_packages(path) discover
[1.951s] Level 1:colcon.colcon_core.package_discovery:discover_packages(path) using defaults
[2.087s] Level 1:colcon.colcon_core.package_discovery:discover_packages(prefix_path) check parameters
[2.087s] Level 1:colcon.colcon_core.package_discovery:discover_packages(prefix_path) discover
[2.099s] DEBUG:colcon.colcon_installed_package_information.package_discovery:Found 11 installed packages in /home/davinci-mini/racecar/install
[2.104s] DEBUG:colcon.colcon_installed_package_information.package_discovery:Found 319 installed packages in /opt/ros/humble
[2.161s] Level 1:colcon.colcon_core.package_discovery:discover_packages(prefix_path) using defaults
[2.329s] Level 5:colcon.colcon_core.verb:set package 'lidar_tracking' build argument 'cmake_args' from command line to 'None'
[2.329s] Level 5:colcon.colcon_core.verb:set package 'lidar_tracking' build argument 'cmake_target' from command line to 'None'
[2.330s] Level 5:colcon.colcon_core.verb:set package 'lidar_tracking' build argument 'cmake_target_skip_unavailable' from command line to 'False'
[2.330s] Level 5:colcon.colcon_core.verb:set package 'lidar_tracking' build argument 'cmake_clean_cache' from command line to 'False'
[2.330s] Level 5:colcon.colcon_core.verb:set package 'lidar_tracking' build argument 'cmake_clean_first' from command line to 'False'
[2.330s] Level 5:colcon.colcon_core.verb:set package 'lidar_tracking' build argument 'cmake_force_configure' from command line to 'False'
[2.330s] Level 5:colcon.colcon_core.verb:set package 'lidar_tracking' build argument 'ament_cmake_args' from command line to 'None'
[2.330s] Level 5:colcon.colcon_core.verb:set package 'lidar_tracking' build argument 'catkin_cmake_args' from command line to 'None'
[2.330s] Level 5:colcon.colcon_core.verb:set package 'lidar_tracking' build argument 'catkin_skip_building_tests' from command line to 'False'
[2.330s] DEBUG:colcon.colcon_core.verb:Building package 'lidar_tracking' with the following arguments: {'ament_cmake_args': None, 'build_base': '/home/davinci-mini/racecar/src/lidar_tracking/build/lidar_tracking', 'catkin_cmake_args': None, 'catkin_skip_building_tests': False, 'cmake_args': None, 'cmake_clean_cache': False, 'cmake_clean_first': False, 'cmake_force_configure': False, 'cmake_target': None, 'cmake_target_skip_unavailable': False, 'install_base': '/home/davinci-mini/racecar/src/lidar_tracking/install/lidar_tracking', 'merge_install': False, 'path': '/home/davinci-mini/racecar/src/lidar_tracking', 'symlink_install': False, 'test_result_base': None}
[2.331s] INFO:colcon.colcon_core.executor:Executing jobs using 'parallel' executor
[2.334s] DEBUG:colcon.colcon_parallel_executor.executor.parallel:run_until_complete
[2.335s] INFO:colcon.colcon_ros.task.ament_cmake.build:Building ROS package in '/home/davinci-mini/racecar/src/lidar_tracking' with build type 'ament_cmake'
[2.336s] INFO:colcon.colcon_cmake.task.cmake.build:Building CMake package in '/home/davinci-mini/racecar/src/lidar_tracking'
[2.352s] INFO:colcon.colcon_core.plugin_system:Skipping extension 'colcon_core.shell.bat': Not used on non-Windows systems
[2.353s] INFO:colcon.colcon_core.shell:Skip shell extension 'powershell' for command environment: Not usable outside of PowerShell
[2.353s] DEBUG:colcon.colcon_core.shell:Skip shell extension 'dsv' for command environment
[2.376s] DEBUG:colcon.colcon_core.event_handler.log_command:Invoking command in '/home/davinci-mini/racecar/src/lidar_tracking/build/lidar_tracking': CMAKE_PREFIX_PATH=${CMAKE_PREFIX_PATH}:/home/davinci-mini/racecar/install/nav2_waypoint_cycle:/home/davinci-mini/racecar/install/encoder:/opt/ros/humble /usr/bin/cmake /home/davinci-mini/racecar/src/lidar_tracking -DCMAKE_INSTALL_PREFIX=/home/davinci-mini/racecar/src/lidar_tracking/install/lidar_tracking
[7.790s] DEBUG:colcon.colcon_core.event_handler.log_command:Invoked command in '/home/davinci-mini/racecar/src/lidar_tracking/build/lidar_tracking' returned '0': CMAKE_PREFIX_PATH=${CMAKE_PREFIX_PATH}:/home/davinci-mini/racecar/install/nav2_waypoint_cycle:/home/davinci-mini/racecar/install/encoder:/opt/ros/humble /usr/bin/cmake /home/davinci-mini/racecar/src/lidar_tracking -DCMAKE_INSTALL_PREFIX=/home/davinci-mini/racecar/src/lidar_tracking/install/lidar_tracking
[7.796s] DEBUG:colcon.colcon_core.event_handler.log_command:Invoking command in '/home/davinci-mini/racecar/src/lidar_tracking/build/lidar_tracking': CMAKE_PREFIX_PATH=${CMAKE_PREFIX_PATH}:/home/davinci-mini/racecar/install/nav2_waypoint_cycle:/home/davinci-mini/racecar/install/encoder:/opt/ros/humble /usr/bin/cmake --build /home/davinci-mini/racecar/src/lidar_tracking/build/lidar_tracking -- -j3 -l3
[43.833s] DEBUG:colcon.colcon_core.event_handler.log_command:Invoked command in '/home/davinci-mini/racecar/src/lidar_tracking/build/lidar_tracking' returned '0': CMAKE_PREFIX_PATH=${CMAKE_PREFIX_PATH}:/home/davinci-mini/racecar/install/nav2_waypoint_cycle:/home/davinci-mini/racecar/install/encoder:/opt/ros/humble /usr/bin/cmake --build /home/davinci-mini/racecar/src/lidar_tracking/build/lidar_tracking -- -j3 -l3
[43.859s] DEBUG:colcon.colcon_core.event_handler.log_command:Invoking command in '/home/davinci-mini/racecar/src/lidar_tracking/build/lidar_tracking': CMAKE_PREFIX_PATH=${CMAKE_PREFIX_PATH}:/home/davinci-mini/racecar/install/nav2_waypoint_cycle:/home/davinci-mini/racecar/install/encoder:/opt/ros/humble /usr/bin/cmake --install /home/davinci-mini/racecar/src/lidar_tracking/build/lidar_tracking
[43.901s] Level 1:colcon.colcon_core.environment:create_environment_scripts_only(lidar_tracking)
[43.903s] DEBUG:colcon.colcon_core.event_handler.log_command:Invoked command in '/home/davinci-mini/racecar/src/lidar_tracking/build/lidar_tracking' returned '0': CMAKE_PREFIX_PATH=${CMAKE_PREFIX_PATH}:/home/davinci-mini/racecar/install/nav2_waypoint_cycle:/home/davinci-mini/racecar/install/encoder:/opt/ros/humble /usr/bin/cmake --install /home/davinci-mini/racecar/src/lidar_tracking/build/lidar_tracking
[43.921s] Level 1:colcon.colcon_core.environment:checking '/home/davinci-mini/racecar/src/lidar_tracking/install/lidar_tracking' for CMake module files
[43.922s] Level 1:colcon.colcon_core.environment:checking '/home/davinci-mini/racecar/src/lidar_tracking/install/lidar_tracking' for CMake config files
[43.923s] Level 1:colcon.colcon_core.shell:create_environment_hook('lidar_tracking', 'cmake_prefix_path')
[43.924s] INFO:colcon.colcon_core.shell:Creating environment hook '/home/davinci-mini/racecar/src/lidar_tracking/install/lidar_tracking/share/lidar_tracking/hook/cmake_prefix_path.ps1'
[43.927s] INFO:colcon.colcon_core.shell:Creating environment descriptor '/home/davinci-mini/racecar/src/lidar_tracking/install/lidar_tracking/share/lidar_tracking/hook/cmake_prefix_path.dsv'
[43.929s] INFO:colcon.colcon_core.shell:Creating environment hook '/home/davinci-mini/racecar/src/lidar_tracking/install/lidar_tracking/share/lidar_tracking/hook/cmake_prefix_path.sh'
[43.945s] Level 1:colcon.colcon_core.environment:checking '/home/davinci-mini/racecar/src/lidar_tracking/install/lidar_tracking/lib'
[43.946s] Level 1:colcon.colcon_core.environment:checking '/home/davinci-mini/racecar/src/lidar_tracking/install/lidar_tracking/bin'
[43.946s] Level 1:colcon.colcon_core.environment:checking '/home/davinci-mini/racecar/src/lidar_tracking/install/lidar_tracking/lib/pkgconfig/lidar_tracking.pc'
[43.947s] Level 1:colcon.colcon_core.environment:checking '/home/davinci-mini/racecar/src/lidar_tracking/install/lidar_tracking/lib/python3.10/site-packages'
[43.948s] Level 1:colcon.colcon_core.environment:checking '/home/davinci-mini/racecar/src/lidar_tracking/install/lidar_tracking/bin'
[43.949s] INFO:colcon.colcon_core.shell:Creating package script '/home/davinci-mini/racecar/src/lidar_tracking/install/lidar_tracking/share/lidar_tracking/package.ps1'
[43.965s] INFO:colcon.colcon_core.shell:Creating package descriptor '/home/davinci-mini/racecar/src/lidar_tracking/install/lidar_tracking/share/lidar_tracking/package.dsv'
[43.968s] INFO:colcon.colcon_core.shell:Creating package script '/home/davinci-mini/racecar/src/lidar_tracking/install/lidar_tracking/share/lidar_tracking/package.sh'
[43.971s] INFO:colcon.colcon_core.shell:Creating package script '/home/davinci-mini/racecar/src/lidar_tracking/install/lidar_tracking/share/lidar_tracking/package.bash'
[43.986s] INFO:colcon.colcon_core.shell:Creating package script '/home/davinci-mini/racecar/src/lidar_tracking/install/lidar_tracking/share/lidar_tracking/package.zsh'
[43.989s] Level 1:colcon.colcon_core.environment:create_file_with_runtime_dependencies(/home/davinci-mini/racecar/src/lidar_tracking/install/lidar_tracking/share/colcon-core/packages/lidar_tracking)
[43.992s] Level 1:colcon.colcon_core.environment:create_environment_scripts_only(lidar_tracking)
[43.992s] Level 1:colcon.colcon_core.environment:checking '/home/davinci-mini/racecar/src/lidar_tracking/install/lidar_tracking' for CMake module files
[43.994s] Level 1:colcon.colcon_core.environment:checking '/home/davinci-mini/racecar/src/lidar_tracking/install/lidar_tracking' for CMake config files
[43.995s] Level 1:colcon.colcon_core.shell:create_environment_hook('lidar_tracking', 'cmake_prefix_path')
[43.996s] INFO:colcon.colcon_core.shell:Creating environment hook '/home/davinci-mini/racecar/src/lidar_tracking/install/lidar_tracking/share/lidar_tracking/hook/cmake_prefix_path.ps1'
[44.010s] INFO:colcon.colcon_core.shell:Creating environment descriptor '/home/davinci-mini/racecar/src/lidar_tracking/install/lidar_tracking/share/lidar_tracking/hook/cmake_prefix_path.dsv'
[44.012s] INFO:colcon.colcon_core.shell:Creating environment hook '/home/davinci-mini/racecar/src/lidar_tracking/install/lidar_tracking/share/lidar_tracking/hook/cmake_prefix_path.sh'
[44.014s] Level 1:colcon.colcon_core.environment:checking '/home/davinci-mini/racecar/src/lidar_tracking/install/lidar_tracking/lib'
[44.015s] Level 1:colcon.colcon_core.environment:checking '/home/davinci-mini/racecar/src/lidar_tracking/install/lidar_tracking/bin'
[44.015s] Level 1:colcon.colcon_core.environment:checking '/home/davinci-mini/racecar/src/lidar_tracking/install/lidar_tracking/lib/pkgconfig/lidar_tracking.pc'
[44.016s] Level 1:colcon.colcon_core.environment:checking '/home/davinci-mini/racecar/src/lidar_tracking/install/lidar_tracking/lib/python3.10/site-packages'
[44.017s] Level 1:colcon.colcon_core.environment:checking '/home/davinci-mini/racecar/src/lidar_tracking/install/lidar_tracking/bin'
[44.019s] INFO:colcon.colcon_core.shell:Creating package script '/home/davinci-mini/racecar/src/lidar_tracking/install/lidar_tracking/share/lidar_tracking/package.ps1'
[44.026s] INFO:colcon.colcon_core.shell:Creating package descriptor '/home/davinci-mini/racecar/src/lidar_tracking/install/lidar_tracking/share/lidar_tracking/package.dsv'
[44.028s] INFO:colcon.colcon_core.shell:Creating package script '/home/davinci-mini/racecar/src/lidar_tracking/install/lidar_tracking/share/lidar_tracking/package.sh'
[44.035s] INFO:colcon.colcon_core.shell:Creating package script '/home/davinci-mini/racecar/src/lidar_tracking/install/lidar_tracking/share/lidar_tracking/package.bash'
[44.037s] INFO:colcon.colcon_core.shell:Creating package script '/home/davinci-mini/racecar/src/lidar_tracking/install/lidar_tracking/share/lidar_tracking/package.zsh'
[44.038s] Level 1:colcon.colcon_core.environment:create_file_with_runtime_dependencies(/home/davinci-mini/racecar/src/lidar_tracking/install/lidar_tracking/share/colcon-core/packages/lidar_tracking)
[44.040s] DEBUG:colcon.colcon_parallel_executor.executor.parallel:closing loop
[44.041s] DEBUG:colcon.colcon_parallel_executor.executor.parallel:loop closed
[44.042s] DEBUG:colcon.colcon_parallel_executor.executor.parallel:run_until_complete finished with '0'
[44.042s] DEBUG:colcon.colcon_core.event_reactor:joining thread
[44.063s] INFO:colcon.colcon_core.plugin_system:Skipping extension 'colcon_notification.desktop_notification.terminal_notifier': Not used on non-Darwin systems
[44.064s] INFO:colcon.colcon_core.plugin_system:Skipping extension 'colcon_notification.desktop_notification.win32': Not used on non-Windows systems
[44.064s] INFO:colcon.colcon_notification.desktop_notification:Sending desktop notification using 'notify2'
[69.091s] DEBUG:colcon.colcon_notification.desktop_notification.notify2:Failed to initialize notify2: org.freedesktop.DBus.Error.NoReply: Did not receive a reply. Possible causes include: the remote application did not send a reply, the message bus security policy blocked the reply, the reply timeout expired, or the network connection was broken.
[69.091s] DEBUG:colcon.colcon_core.event_reactor:joined thread
[69.092s] INFO:colcon.colcon_core.shell:Creating prefix script '/home/davinci-mini/racecar/src/lidar_tracking/install/local_setup.ps1'
[69.097s] INFO:colcon.colcon_core.shell:Creating prefix util module '/home/davinci-mini/racecar/src/lidar_tracking/install/_local_setup_util_ps1.py'
[69.102s] INFO:colcon.colcon_core.shell:Creating prefix chain script '/home/davinci-mini/racecar/src/lidar_tracking/install/setup.ps1'
[69.108s] INFO:colcon.colcon_core.shell:Creating prefix script '/home/davinci-mini/racecar/src/lidar_tracking/install/local_setup.sh'
[69.111s] INFO:colcon.colcon_core.shell:Creating prefix util module '/home/davinci-mini/racecar/src/lidar_tracking/install/_local_setup_util_sh.py'
[69.113s] INFO:colcon.colcon_core.shell:Creating prefix chain script '/home/davinci-mini/racecar/src/lidar_tracking/install/setup.sh'
[69.118s] INFO:colcon.colcon_core.shell:Creating prefix script '/home/davinci-mini/racecar/src/lidar_tracking/install/local_setup.bash'
[69.120s] INFO:colcon.colcon_core.shell:Creating prefix chain script '/home/davinci-mini/racecar/src/lidar_tracking/install/setup.bash'
[69.125s] INFO:colcon.colcon_core.shell:Creating prefix script '/home/davinci-mini/racecar/src/lidar_tracking/install/local_setup.zsh'
[69.128s] INFO:colcon.colcon_core.shell:Creating prefix chain script '/home/davinci-mini/racecar/src/lidar_tracking/install/setup.zsh'
