[0.050s] Invoking command in '/home/davinci-mini/racecar/build/slam_gmapping': CMAKE_PREFIX_PATH=/home/davinci-mini/racecar/install/openslam_gmapping:/home/davinci-mini/racecar/install/slam_gmapping:/home/davinci-mini/racecar/install/serial:/home/davinci-mini/racecar/install/racecar_driver:/home/davinci-mini/racecar/install/racecar:/home/davinci-mini/racecar/install/odom_tf:/home/davinci-mini/racecar/install/lslidar_driver:/home/davinci-mini/racecar/install/lslidar_msgs:/home/davinci-mini/racecar/install/lidar_tracking:/home/davinci-mini/racecar/install/hipnuc_imu:/home/davinci-mini/racecar/install/two_lap_control:/home/davinci-mini/racecar/install/racecar_twoloop:/home/davinci-mini/racecar/install/python_myself:/home/davinci-mini/racecar/install/nav2_waypoint_cycle:/home/davinci-mini/racecar/install/encoder:/opt/ros/humble /usr/bin/cmake --build /home/davinci-mini/racecar/build/slam_gmapping -- -j3 -l3
[0.454s] [ 50%] [32mBuilding CXX object CMakeFiles/slam_gmapping.dir/src/slam_gmapping.cpp.o[0m
[1.695s] In file included from [01m[K/home/davinci-mini/racecar/src/slam_gmapping/include/slam_gmapping/slam_gmapping.h:38[m[K,
[1.696s]                  from [01m[K/home/davinci-mini/racecar/src/slam_gmapping/src/slam_gmapping.cpp:24[m[K:
[1.696s] [01m[K/opt/ros/humble/include/tf2_geometry_msgs/tf2_geometry_msgs/tf2_geometry_msgs.h:35:2:[m[K [01;35m[Kwarning: [m[K#warning This header is obsolete, please include tf2_geometry_msgs/tf2_geometry_msgs.hpp instead [[01;35m[K-Wcpp[m[K]
[1.696s]    35 | #[01;35m[Kwarning[m[K This header is obsolete, please include tf2_geometry_msgs/tf2_geometry_msgs.hpp instead
[1.697s]       |  [01;35m[K^~~~~~~[m[K
[11.589s] In file included from [01m[K/home/davinci-mini/racecar/install/openslam_gmapping/include/gmapping/gridfastslam/gridslamprocessor.h:9[m[K,
[11.590s]                  from [01m[K/home/davinci-mini/racecar/src/slam_gmapping/include/slam_gmapping/slam_gmapping.h:45[m[K,
[11.590s]                  from [01m[K/home/davinci-mini/racecar/src/slam_gmapping/src/slam_gmapping.cpp:24[m[K:
[11.590s] [01m[K/home/davinci-mini/racecar/install/openslam_gmapping/include/gmapping/particlefilter/particlefilter.h:[m[K In function ‘[01m[Kvoid rle(OutputIterator&, const Iterator&, const Iterator&)[m[K’:
[11.590s] [01m[K/home/davinci-mini/racecar/install/openslam_gmapping/include/gmapping/particlefilter/particlefilter.h:140:9:[m[K [01;35m[Kwarning: [m[Kthis ‘[01m[Kif[m[K’ clause does not guard... [[01;35m[K-Wmisleading-indentation[m[K]
[11.591s]   140 |         [01;35m[Kif[m[K (count>0)
[11.591s]       |         [01;35m[K^~[m[K
[11.591s] [01m[K/home/davinci-mini/racecar/install/openslam_gmapping/include/gmapping/particlefilter/particlefilter.h:142:17:[m[K [01;36m[Knote: [m[K...this statement, but the latter is misleadingly indented as if it were guarded by the ‘[01m[Kif[m[K’
[11.591s]   142 |                 [01;36m[Kout[m[K++;
[11.592s]       |                 [01;36m[K^~~[m[K
[12.744s] In file included from [01m[K/usr/include/c++/11/utility:70[m[K,
[12.744s]                  from [01m[K/usr/include/c++/11/tuple:38[m[K,
[12.745s]                  from [01m[K/usr/include/c++/11/mutex:38[m[K,
[12.745s]                  from [01m[K/home/davinci-mini/racecar/src/slam_gmapping/include/slam_gmapping/slam_gmapping.h:26[m[K,
[12.745s]                  from [01m[K/home/davinci-mini/racecar/src/slam_gmapping/src/slam_gmapping.cpp:24[m[K:
[12.745s] /usr/include/c++/11/bits/stl_pair.h: In instantiation of ‘[01m[Kconstexpr std::pair<typename std::__strip_reference_wrapper<typename std::decay<_Tp>::type>::__type, typename std::__strip_reference_wrapper<typename std::decay<_Tp2>::type>::__type> std::make_pair(_T1&&, _T2&&) [with _T1 = GMapping::point<double>&; _T2 = GMapping::point<double>&; typename std::__strip_reference_wrapper<typename std::decay<_Tp2>::type>::__type = GMapping::point<double>; typename std::decay<_Tp2>::type = std::decay<GMapping::point<double>&>::type; typename std::__strip_reference_wrapper<typename std::decay<_Tp>::type>::__type = GMapping::point<double>; typename std::decay<_Tp>::type = std::decay<GMapping::point<double>&>::type][m[K’:
[12.746s] [01m[K/home/davinci-mini/racecar/install/openslam_gmapping/include/gmapping/scanmatcher/scanmatcher.h:127:34:[m[K   required from here
[12.746s] [01m[K/usr/include/c++/11/bits/stl_pair.h:567:5:[m[K [01;36m[Knote: [m[Kparameter passing for argument of type ‘[01m[Kstd::pair<GMapping::point<double>, GMapping::point<double> >[m[K’ when C++17 is enabled changed to match C++14 in GCC 10.1
[12.746s]   567 |     [01;36m[Kmake_pair[m[K(_T1&& __x, _T2&& __y)
[12.746s]       |     [01;36m[K^~~~~~~~~[m[K
[47.120s] [100%] [32m[1mLinking CXX executable slam_gmapping[0m
[50.061s] [100%] Built target slam_gmapping
[50.089s] Invoked command in '/home/davinci-mini/racecar/build/slam_gmapping' returned '0': CMAKE_PREFIX_PATH=/home/davinci-mini/racecar/install/openslam_gmapping:/home/davinci-mini/racecar/install/slam_gmapping:/home/davinci-mini/racecar/install/serial:/home/davinci-mini/racecar/install/racecar_driver:/home/davinci-mini/racecar/install/racecar:/home/davinci-mini/racecar/install/odom_tf:/home/davinci-mini/racecar/install/lslidar_driver:/home/davinci-mini/racecar/install/lslidar_msgs:/home/davinci-mini/racecar/install/lidar_tracking:/home/davinci-mini/racecar/install/hipnuc_imu:/home/davinci-mini/racecar/install/two_lap_control:/home/davinci-mini/racecar/install/racecar_twoloop:/home/davinci-mini/racecar/install/python_myself:/home/davinci-mini/racecar/install/nav2_waypoint_cycle:/home/davinci-mini/racecar/install/encoder:/opt/ros/humble /usr/bin/cmake --build /home/davinci-mini/racecar/build/slam_gmapping -- -j3 -l3
[50.117s] Invoking command in '/home/davinci-mini/racecar/build/slam_gmapping': CMAKE_PREFIX_PATH=/home/davinci-mini/racecar/install/openslam_gmapping:/home/davinci-mini/racecar/install/slam_gmapping:/home/davinci-mini/racecar/install/serial:/home/davinci-mini/racecar/install/racecar_driver:/home/davinci-mini/racecar/install/racecar:/home/davinci-mini/racecar/install/odom_tf:/home/davinci-mini/racecar/install/lslidar_driver:/home/davinci-mini/racecar/install/lslidar_msgs:/home/davinci-mini/racecar/install/lidar_tracking:/home/davinci-mini/racecar/install/hipnuc_imu:/home/davinci-mini/racecar/install/two_lap_control:/home/davinci-mini/racecar/install/racecar_twoloop:/home/davinci-mini/racecar/install/python_myself:/home/davinci-mini/racecar/install/nav2_waypoint_cycle:/home/davinci-mini/racecar/install/encoder:/opt/ros/humble /usr/bin/cmake --install /home/davinci-mini/racecar/build/slam_gmapping
[50.138s] -- Install configuration: ""
[50.142s] -- Execute custom install script
[50.145s] -- Up-to-date symlink: /home/davinci-mini/racecar/install/slam_gmapping/lib/slam_gmapping/slam_gmapping
[50.149s] -- Up-to-date symlink: /home/davinci-mini/racecar/install/slam_gmapping/share/slam_gmapping/launch/slam_gmapping.launch.py
[50.150s] -- Up-to-date symlink: /home/davinci-mini/racecar/install/slam_gmapping/share/slam_gmapping/launch/slam_gmapping_params.launch.py
[50.151s] -- Up-to-date symlink: /home/davinci-mini/racecar/install/slam_gmapping/share/ament_index/resource_index/package_run_dependencies/slam_gmapping
[50.152s] -- Up-to-date symlink: /home/davinci-mini/racecar/install/slam_gmapping/share/ament_index/resource_index/parent_prefix_path/slam_gmapping
[50.153s] -- Up-to-date symlink: /home/davinci-mini/racecar/install/slam_gmapping/share/slam_gmapping/environment/ament_prefix_path.sh
[50.153s] -- Up-to-date symlink: /home/davinci-mini/racecar/install/slam_gmapping/share/slam_gmapping/environment/ament_prefix_path.dsv
[50.154s] -- Up-to-date symlink: /home/davinci-mini/racecar/install/slam_gmapping/share/slam_gmapping/environment/path.sh
[50.154s] -- Up-to-date symlink: /home/davinci-mini/racecar/install/slam_gmapping/share/slam_gmapping/environment/path.dsv
[50.155s] -- Up-to-date symlink: /home/davinci-mini/racecar/install/slam_gmapping/share/slam_gmapping/local_setup.bash
[50.156s] -- Up-to-date symlink: /home/davinci-mini/racecar/install/slam_gmapping/share/slam_gmapping/local_setup.sh
[50.157s] -- Up-to-date symlink: /home/davinci-mini/racecar/install/slam_gmapping/share/slam_gmapping/local_setup.zsh
[50.157s] -- Up-to-date symlink: /home/davinci-mini/racecar/install/slam_gmapping/share/slam_gmapping/local_setup.dsv
[50.157s] -- Symlinking: /home/davinci-mini/racecar/install/slam_gmapping/share/slam_gmapping/package.dsv
[50.182s] -- Up-to-date symlink: /home/davinci-mini/racecar/install/slam_gmapping/share/ament_index/resource_index/packages/slam_gmapping
[50.183s] -- Up-to-date symlink: /home/davinci-mini/racecar/install/slam_gmapping/share/slam_gmapping/cmake/slam_gmappingConfig.cmake
[50.184s] -- Up-to-date symlink: /home/davinci-mini/racecar/install/slam_gmapping/share/slam_gmapping/cmake/slam_gmappingConfig-version.cmake
[50.184s] -- Up-to-date symlink: /home/davinci-mini/racecar/install/slam_gmapping/share/slam_gmapping/package.xml
[50.190s] Invoked command in '/home/davinci-mini/racecar/build/slam_gmapping' returned '0': CMAKE_PREFIX_PATH=/home/davinci-mini/racecar/install/openslam_gmapping:/home/davinci-mini/racecar/install/slam_gmapping:/home/davinci-mini/racecar/install/serial:/home/davinci-mini/racecar/install/racecar_driver:/home/davinci-mini/racecar/install/racecar:/home/davinci-mini/racecar/install/odom_tf:/home/davinci-mini/racecar/install/lslidar_driver:/home/davinci-mini/racecar/install/lslidar_msgs:/home/davinci-mini/racecar/install/lidar_tracking:/home/davinci-mini/racecar/install/hipnuc_imu:/home/davinci-mini/racecar/install/two_lap_control:/home/davinci-mini/racecar/install/racecar_twoloop:/home/davinci-mini/racecar/install/python_myself:/home/davinci-mini/racecar/install/nav2_waypoint_cycle:/home/davinci-mini/racecar/install/encoder:/opt/ros/humble /usr/bin/cmake --install /home/davinci-mini/racecar/build/slam_gmapping
