[0.779s] DEBUG:colcon:Command line arguments: ['/usr/bin/colcon', 'build', '--packages-select', 'racecar', '--symlink-install']
[0.780s] DEBUG:colcon:Parsed command line arguments: Namespace(log_base=None, log_level=None, verb_name='build', build_base='build', install_base='install', merge_install=False, symlink_install=True, test_result_base=None, continue_on_error=False, executor='parallel', parallel_workers=3, event_handlers=None, ignore_user_meta=False, metas=['./colcon.meta'], base_paths=['.'], packages_ignore=None, packages_ignore_regex=None, paths=None, packages_up_to=None, packages_up_to_regex=None, packages_above=None, packages_above_and_dependencies=None, packages_above_depth=None, packages_select_by_dep=None, packages_skip_by_dep=None, packages_skip_up_to=None, packages_select_build_failed=False, packages_skip_build_finished=False, packages_select_test_failures=False, packages_skip_test_passed=False, packages_select=['racecar'], packages_skip=None, packages_select_regex=None, packages_skip_regex=None, packages_start=None, packages_end=None, allow_overriding=[], cmake_args=None, cmake_target=None, cmake_target_skip_unavailable=False, cmake_clean_cache=False, cmake_clean_first=False, cmake_force_configure=False, ament_cmake_args=None, catkin_cmake_args=None, catkin_skip_building_tests=False, verb_parser=<colcon_defaults.argument_parser.defaults.DefaultArgumentsDecorator object at 0xe7ffcd2e1210>, verb_extension=<colcon_core.verb.build.BuildVerb object at 0xe7ffcd492590>, main=<bound method BuildVerb.main of <colcon_core.verb.build.BuildVerb object at 0xe7ffcd492590>>)
[1.668s] Level 1:colcon.colcon_core.package_discovery:discover_packages(colcon_meta) check parameters
[1.668s] Level 1:colcon.colcon_core.package_discovery:discover_packages(recursive) check parameters
[1.668s] Level 1:colcon.colcon_core.package_discovery:discover_packages(ignore) check parameters
[1.669s] Level 1:colcon.colcon_core.package_discovery:discover_packages(path) check parameters
[1.669s] Level 1:colcon.colcon_core.package_discovery:discover_packages(colcon_meta) discover
[1.669s] Level 1:colcon.colcon_core.package_discovery:discover_packages(recursive) discover
[1.669s] INFO:colcon.colcon_core.package_discovery:Crawling recursively for packages in '/home/davinci-mini/racecar'
[1.669s] Level 1:colcon.colcon_core.package_identification:_identify(.) by extensions ['ignore', 'ignore_ament_install']
[1.670s] Level 1:colcon.colcon_core.package_identification:_identify(.) by extension 'ignore'
[1.670s] Level 1:colcon.colcon_core.package_identification:_identify(.) by extension 'ignore_ament_install'
[1.670s] Level 1:colcon.colcon_core.package_identification:_identify(.) by extensions ['colcon_pkg']
[1.670s] Level 1:colcon.colcon_core.package_identification:_identify(.) by extension 'colcon_pkg'
[1.671s] Level 1:colcon.colcon_core.package_identification:_identify(.) by extensions ['colcon_meta']
[1.671s] Level 1:colcon.colcon_core.package_identification:_identify(.) by extension 'colcon_meta'
[1.671s] Level 1:colcon.colcon_core.package_identification:_identify(.) by extensions ['ros']
[1.671s] Level 1:colcon.colcon_core.package_identification:_identify(.) by extension 'ros'
[1.724s] Level 1:colcon.colcon_core.package_identification:_identify(.) by extensions ['cmake', 'python']
[1.725s] Level 1:colcon.colcon_core.package_identification:_identify(.) by extension 'cmake'
[1.725s] Level 1:colcon.colcon_core.package_identification:_identify(.) by extension 'python'
[1.725s] Level 1:colcon.colcon_core.package_identification:_identify(.) by extensions ['python_setup_py']
[1.725s] Level 1:colcon.colcon_core.package_identification:_identify(.) by extension 'python_setup_py'
[1.726s] Level 1:colcon.colcon_core.package_identification:_identify(build) by extensions ['ignore', 'ignore_ament_install']
[1.726s] Level 1:colcon.colcon_core.package_identification:_identify(build) by extension 'ignore'
[1.726s] Level 1:colcon.colcon_core.package_identification:_identify(build) ignored
[1.727s] Level 1:colcon.colcon_core.package_identification:_identify(install) by extensions ['ignore', 'ignore_ament_install']
[1.727s] Level 1:colcon.colcon_core.package_identification:_identify(install) by extension 'ignore'
[1.727s] Level 1:colcon.colcon_core.package_identification:_identify(install) ignored
[1.728s] Level 1:colcon.colcon_core.package_identification:_identify(log) by extensions ['ignore', 'ignore_ament_install']
[1.728s] Level 1:colcon.colcon_core.package_identification:_identify(log) by extension 'ignore'
[1.728s] Level 1:colcon.colcon_core.package_identification:_identify(log) ignored
[1.729s] Level 1:colcon.colcon_core.package_identification:_identify(src) by extensions ['ignore', 'ignore_ament_install']
[1.729s] Level 1:colcon.colcon_core.package_identification:_identify(src) by extension 'ignore'
[1.729s] Level 1:colcon.colcon_core.package_identification:_identify(src) by extension 'ignore_ament_install'
[1.729s] Level 1:colcon.colcon_core.package_identification:_identify(src) by extensions ['colcon_pkg']
[1.730s] Level 1:colcon.colcon_core.package_identification:_identify(src) by extension 'colcon_pkg'
[1.730s] Level 1:colcon.colcon_core.package_identification:_identify(src) by extensions ['colcon_meta']
[1.730s] Level 1:colcon.colcon_core.package_identification:_identify(src) by extension 'colcon_meta'
[1.730s] Level 1:colcon.colcon_core.package_identification:_identify(src) by extensions ['ros']
[1.730s] Level 1:colcon.colcon_core.package_identification:_identify(src) by extension 'ros'
[1.731s] Level 1:colcon.colcon_core.package_identification:_identify(src) by extensions ['cmake', 'python']
[1.731s] Level 1:colcon.colcon_core.package_identification:_identify(src) by extension 'cmake'
[1.731s] Level 1:colcon.colcon_core.package_identification:_identify(src) by extension 'python'
[1.731s] Level 1:colcon.colcon_core.package_identification:_identify(src) by extensions ['python_setup_py']
[1.731s] Level 1:colcon.colcon_core.package_identification:_identify(src) by extension 'python_setup_py'
[1.733s] Level 1:colcon.colcon_core.package_identification:_identify(src/encoder) by extensions ['ignore', 'ignore_ament_install']
[1.733s] Level 1:colcon.colcon_core.package_identification:_identify(src/encoder) by extension 'ignore'
[1.733s] Level 1:colcon.colcon_core.package_identification:_identify(src/encoder) by extension 'ignore_ament_install'
[1.734s] Level 1:colcon.colcon_core.package_identification:_identify(src/encoder) by extensions ['colcon_pkg']
[1.734s] Level 1:colcon.colcon_core.package_identification:_identify(src/encoder) by extension 'colcon_pkg'
[1.734s] Level 1:colcon.colcon_core.package_identification:_identify(src/encoder) by extensions ['colcon_meta']
[1.734s] Level 1:colcon.colcon_core.package_identification:_identify(src/encoder) by extension 'colcon_meta'
[1.734s] Level 1:colcon.colcon_core.package_identification:_identify(src/encoder) by extensions ['ros']
[1.735s] Level 1:colcon.colcon_core.package_identification:_identify(src/encoder) by extension 'ros'
[1.747s] DEBUG:colcon.colcon_core.package_identification:Package 'src/encoder' with type 'ros.ament_python' and name 'encoder'
[1.748s] Level 1:colcon.colcon_core.package_identification:_identify(src/hipnuc_imu) by extensions ['ignore', 'ignore_ament_install']
[1.748s] Level 1:colcon.colcon_core.package_identification:_identify(src/hipnuc_imu) by extension 'ignore'
[1.749s] Level 1:colcon.colcon_core.package_identification:_identify(src/hipnuc_imu) by extension 'ignore_ament_install'
[1.749s] Level 1:colcon.colcon_core.package_identification:_identify(src/hipnuc_imu) by extensions ['colcon_pkg']
[1.749s] Level 1:colcon.colcon_core.package_identification:_identify(src/hipnuc_imu) by extension 'colcon_pkg'
[1.749s] Level 1:colcon.colcon_core.package_identification:_identify(src/hipnuc_imu) by extensions ['colcon_meta']
[1.749s] Level 1:colcon.colcon_core.package_identification:_identify(src/hipnuc_imu) by extension 'colcon_meta'
[1.750s] Level 1:colcon.colcon_core.package_identification:_identify(src/hipnuc_imu) by extensions ['ros']
[1.750s] Level 1:colcon.colcon_core.package_identification:_identify(src/hipnuc_imu) by extension 'ros'
[1.753s] DEBUG:colcon.colcon_core.package_identification:Package 'src/hipnuc_imu' with type 'ros.ament_cmake' and name 'hipnuc_imu'
[1.754s] Level 1:colcon.colcon_core.package_identification:_identify(src/lidar_tracking) by extensions ['ignore', 'ignore_ament_install']
[1.754s] Level 1:colcon.colcon_core.package_identification:_identify(src/lidar_tracking) by extension 'ignore'
[1.754s] Level 1:colcon.colcon_core.package_identification:_identify(src/lidar_tracking) by extension 'ignore_ament_install'
[1.754s] Level 1:colcon.colcon_core.package_identification:_identify(src/lidar_tracking) by extensions ['colcon_pkg']
[1.755s] Level 1:colcon.colcon_core.package_identification:_identify(src/lidar_tracking) by extension 'colcon_pkg'
[1.755s] Level 1:colcon.colcon_core.package_identification:_identify(src/lidar_tracking) by extensions ['colcon_meta']
[1.755s] Level 1:colcon.colcon_core.package_identification:_identify(src/lidar_tracking) by extension 'colcon_meta'
[1.755s] Level 1:colcon.colcon_core.package_identification:_identify(src/lidar_tracking) by extensions ['ros']
[1.755s] Level 1:colcon.colcon_core.package_identification:_identify(src/lidar_tracking) by extension 'ros'
[1.760s] DEBUG:colcon.colcon_core.package_identification:Package 'src/lidar_tracking' with type 'ros.ament_cmake' and name 'lidar_tracking'
[1.760s] Level 1:colcon.colcon_core.package_identification:_identify(src/lslidar_driver) by extensions ['ignore', 'ignore_ament_install']
[1.761s] Level 1:colcon.colcon_core.package_identification:_identify(src/lslidar_driver) by extension 'ignore'
[1.761s] Level 1:colcon.colcon_core.package_identification:_identify(src/lslidar_driver) by extension 'ignore_ament_install'
[1.761s] Level 1:colcon.colcon_core.package_identification:_identify(src/lslidar_driver) by extensions ['colcon_pkg']
[1.761s] Level 1:colcon.colcon_core.package_identification:_identify(src/lslidar_driver) by extension 'colcon_pkg'
[1.762s] Level 1:colcon.colcon_core.package_identification:_identify(src/lslidar_driver) by extensions ['colcon_meta']
[1.762s] Level 1:colcon.colcon_core.package_identification:_identify(src/lslidar_driver) by extension 'colcon_meta'
[1.762s] Level 1:colcon.colcon_core.package_identification:_identify(src/lslidar_driver) by extensions ['ros']
[1.762s] Level 1:colcon.colcon_core.package_identification:_identify(src/lslidar_driver) by extension 'ros'
[1.765s] DEBUG:colcon.colcon_core.package_identification:Package 'src/lslidar_driver' with type 'ros.ament_cmake' and name 'lslidar_driver'
[1.766s] Level 1:colcon.colcon_core.package_identification:_identify(src/lslidar_msgs) by extensions ['ignore', 'ignore_ament_install']
[1.766s] Level 1:colcon.colcon_core.package_identification:_identify(src/lslidar_msgs) by extension 'ignore'
[1.766s] Level 1:colcon.colcon_core.package_identification:_identify(src/lslidar_msgs) by extension 'ignore_ament_install'
[1.767s] Level 1:colcon.colcon_core.package_identification:_identify(src/lslidar_msgs) by extensions ['colcon_pkg']
[1.767s] Level 1:colcon.colcon_core.package_identification:_identify(src/lslidar_msgs) by extension 'colcon_pkg'
[1.767s] Level 1:colcon.colcon_core.package_identification:_identify(src/lslidar_msgs) by extensions ['colcon_meta']
[1.767s] Level 1:colcon.colcon_core.package_identification:_identify(src/lslidar_msgs) by extension 'colcon_meta'
[1.767s] Level 1:colcon.colcon_core.package_identification:_identify(src/lslidar_msgs) by extensions ['ros']
[1.768s] Level 1:colcon.colcon_core.package_identification:_identify(src/lslidar_msgs) by extension 'ros'
[1.770s] DEBUG:colcon.colcon_core.package_identification:Package 'src/lslidar_msgs' with type 'ros.ament_cmake' and name 'lslidar_msgs'
[1.771s] Level 1:colcon.colcon_core.package_identification:_identify(src/nav2_waypoint_cycle) by extensions ['ignore', 'ignore_ament_install']
[1.772s] Level 1:colcon.colcon_core.package_identification:_identify(src/nav2_waypoint_cycle) by extension 'ignore'
[1.772s] Level 1:colcon.colcon_core.package_identification:_identify(src/nav2_waypoint_cycle) by extension 'ignore_ament_install'
[1.772s] Level 1:colcon.colcon_core.package_identification:_identify(src/nav2_waypoint_cycle) by extensions ['colcon_pkg']
[1.772s] Level 1:colcon.colcon_core.package_identification:_identify(src/nav2_waypoint_cycle) by extension 'colcon_pkg'
[1.773s] Level 1:colcon.colcon_core.package_identification:_identify(src/nav2_waypoint_cycle) by extensions ['colcon_meta']
[1.773s] Level 1:colcon.colcon_core.package_identification:_identify(src/nav2_waypoint_cycle) by extension 'colcon_meta'
[1.773s] Level 1:colcon.colcon_core.package_identification:_identify(src/nav2_waypoint_cycle) by extensions ['ros']
[1.773s] Level 1:colcon.colcon_core.package_identification:_identify(src/nav2_waypoint_cycle) by extension 'ros'
[1.776s] DEBUG:colcon.colcon_core.package_identification:Package 'src/nav2_waypoint_cycle' with type 'ros.ament_python' and name 'nav2_waypoint_cycle'
[1.777s] Level 1:colcon.colcon_core.package_identification:_identify(src/openslam_gmapping) by extensions ['ignore', 'ignore_ament_install']
[1.777s] Level 1:colcon.colcon_core.package_identification:_identify(src/openslam_gmapping) by extension 'ignore'
[1.777s] Level 1:colcon.colcon_core.package_identification:_identify(src/openslam_gmapping) by extension 'ignore_ament_install'
[1.778s] Level 1:colcon.colcon_core.package_identification:_identify(src/openslam_gmapping) by extensions ['colcon_pkg']
[1.778s] Level 1:colcon.colcon_core.package_identification:_identify(src/openslam_gmapping) by extension 'colcon_pkg'
[1.778s] Level 1:colcon.colcon_core.package_identification:_identify(src/openslam_gmapping) by extensions ['colcon_meta']
[1.778s] Level 1:colcon.colcon_core.package_identification:_identify(src/openslam_gmapping) by extension 'colcon_meta'
[1.778s] Level 1:colcon.colcon_core.package_identification:_identify(src/openslam_gmapping) by extensions ['ros']
[1.779s] Level 1:colcon.colcon_core.package_identification:_identify(src/openslam_gmapping) by extension 'ros'
[1.781s] DEBUG:colcon.colcon_core.package_identification:Package 'src/openslam_gmapping' with type 'ros.ament_cmake' and name 'openslam_gmapping'
[1.782s] Level 1:colcon.colcon_core.package_identification:_identify(src/python_myself) by extensions ['ignore', 'ignore_ament_install']
[1.782s] Level 1:colcon.colcon_core.package_identification:_identify(src/python_myself) by extension 'ignore'
[1.782s] Level 1:colcon.colcon_core.package_identification:_identify(src/python_myself) by extension 'ignore_ament_install'
[1.782s] Level 1:colcon.colcon_core.package_identification:_identify(src/python_myself) by extensions ['colcon_pkg']
[1.783s] Level 1:colcon.colcon_core.package_identification:_identify(src/python_myself) by extension 'colcon_pkg'
[1.783s] Level 1:colcon.colcon_core.package_identification:_identify(src/python_myself) by extensions ['colcon_meta']
[1.783s] Level 1:colcon.colcon_core.package_identification:_identify(src/python_myself) by extension 'colcon_meta'
[1.783s] Level 1:colcon.colcon_core.package_identification:_identify(src/python_myself) by extensions ['ros']
[1.783s] Level 1:colcon.colcon_core.package_identification:_identify(src/python_myself) by extension 'ros'
[1.789s] DEBUG:colcon.colcon_core.package_identification:Package 'src/python_myself' with type 'ros.ament_python' and name 'python_myself'
[1.790s] Level 1:colcon.colcon_core.package_identification:_identify(src/racecar) by extensions ['ignore', 'ignore_ament_install']
[1.790s] Level 1:colcon.colcon_core.package_identification:_identify(src/racecar) by extension 'ignore'
[1.790s] Level 1:colcon.colcon_core.package_identification:_identify(src/racecar) by extension 'ignore_ament_install'
[1.790s] Level 1:colcon.colcon_core.package_identification:_identify(src/racecar) by extensions ['colcon_pkg']
[1.791s] Level 1:colcon.colcon_core.package_identification:_identify(src/racecar) by extension 'colcon_pkg'
[1.791s] Level 1:colcon.colcon_core.package_identification:_identify(src/racecar) by extensions ['colcon_meta']
[1.791s] Level 1:colcon.colcon_core.package_identification:_identify(src/racecar) by extension 'colcon_meta'
[1.791s] Level 1:colcon.colcon_core.package_identification:_identify(src/racecar) by extensions ['ros']
[1.791s] Level 1:colcon.colcon_core.package_identification:_identify(src/racecar) by extension 'ros'
[1.798s] DEBUG:colcon.colcon_core.package_identification:Package 'src/racecar' with type 'ros.ament_cmake' and name 'racecar'
[1.800s] Level 1:colcon.colcon_core.package_identification:_identify(src/racecar_driver) by extensions ['ignore', 'ignore_ament_install']
[1.800s] Level 1:colcon.colcon_core.package_identification:_identify(src/racecar_driver) by extension 'ignore'
[1.800s] Level 1:colcon.colcon_core.package_identification:_identify(src/racecar_driver) by extension 'ignore_ament_install'
[1.801s] Level 1:colcon.colcon_core.package_identification:_identify(src/racecar_driver) by extensions ['colcon_pkg']
[1.801s] Level 1:colcon.colcon_core.package_identification:_identify(src/racecar_driver) by extension 'colcon_pkg'
[1.801s] Level 1:colcon.colcon_core.package_identification:_identify(src/racecar_driver) by extensions ['colcon_meta']
[1.801s] Level 1:colcon.colcon_core.package_identification:_identify(src/racecar_driver) by extension 'colcon_meta'
[1.801s] Level 1:colcon.colcon_core.package_identification:_identify(src/racecar_driver) by extensions ['ros']
[1.801s] Level 1:colcon.colcon_core.package_identification:_identify(src/racecar_driver) by extension 'ros'
[1.804s] DEBUG:colcon.colcon_core.package_identification:Package 'src/racecar_driver' with type 'ros.ament_cmake' and name 'racecar_driver'
[1.804s] Level 1:colcon.colcon_core.package_identification:_identify(src/serial-foxy) by extensions ['ignore', 'ignore_ament_install']
[1.805s] Level 1:colcon.colcon_core.package_identification:_identify(src/serial-foxy) by extension 'ignore'
[1.805s] Level 1:colcon.colcon_core.package_identification:_identify(src/serial-foxy) by extension 'ignore_ament_install'
[1.805s] Level 1:colcon.colcon_core.package_identification:_identify(src/serial-foxy) by extensions ['colcon_pkg']
[1.805s] Level 1:colcon.colcon_core.package_identification:_identify(src/serial-foxy) by extension 'colcon_pkg'
[1.805s] Level 1:colcon.colcon_core.package_identification:_identify(src/serial-foxy) by extensions ['colcon_meta']
[1.806s] Level 1:colcon.colcon_core.package_identification:_identify(src/serial-foxy) by extension 'colcon_meta'
[1.806s] Level 1:colcon.colcon_core.package_identification:_identify(src/serial-foxy) by extensions ['ros']
[1.806s] Level 1:colcon.colcon_core.package_identification:_identify(src/serial-foxy) by extension 'ros'
[1.808s] DEBUG:colcon.colcon_core.package_identification:Package 'src/serial-foxy' with type 'ros.ament_cmake' and name 'serial'
[1.809s] Level 1:colcon.colcon_core.package_identification:_identify(src/slam_gmapping) by extensions ['ignore', 'ignore_ament_install']
[1.809s] Level 1:colcon.colcon_core.package_identification:_identify(src/slam_gmapping) by extension 'ignore'
[1.809s] Level 1:colcon.colcon_core.package_identification:_identify(src/slam_gmapping) by extension 'ignore_ament_install'
[1.810s] Level 1:colcon.colcon_core.package_identification:_identify(src/slam_gmapping) by extensions ['colcon_pkg']
[1.810s] Level 1:colcon.colcon_core.package_identification:_identify(src/slam_gmapping) by extension 'colcon_pkg'
[1.810s] Level 1:colcon.colcon_core.package_identification:_identify(src/slam_gmapping) by extensions ['colcon_meta']
[1.810s] Level 1:colcon.colcon_core.package_identification:_identify(src/slam_gmapping) by extension 'colcon_meta'
[1.810s] Level 1:colcon.colcon_core.package_identification:_identify(src/slam_gmapping) by extensions ['ros']
[1.811s] Level 1:colcon.colcon_core.package_identification:_identify(src/slam_gmapping) by extension 'ros'
[1.816s] DEBUG:colcon.colcon_core.package_identification:Package 'src/slam_gmapping' with type 'ros.ament_cmake' and name 'slam_gmapping'
[1.816s] Level 1:colcon.colcon_core.package_identification:_identify(src/two_lap_control) by extensions ['ignore', 'ignore_ament_install']
[1.817s] Level 1:colcon.colcon_core.package_identification:_identify(src/two_lap_control) by extension 'ignore'
[1.817s] Level 1:colcon.colcon_core.package_identification:_identify(src/two_lap_control) by extension 'ignore_ament_install'
[1.817s] Level 1:colcon.colcon_core.package_identification:_identify(src/two_lap_control) by extensions ['colcon_pkg']
[1.817s] Level 1:colcon.colcon_core.package_identification:_identify(src/two_lap_control) by extension 'colcon_pkg'
[1.818s] Level 1:colcon.colcon_core.package_identification:_identify(src/two_lap_control) by extensions ['colcon_meta']
[1.818s] Level 1:colcon.colcon_core.package_identification:_identify(src/two_lap_control) by extension 'colcon_meta'
[1.818s] Level 1:colcon.colcon_core.package_identification:_identify(src/two_lap_control) by extensions ['ros']
[1.818s] Level 1:colcon.colcon_core.package_identification:_identify(src/two_lap_control) by extension 'ros'
[1.821s] DEBUG:colcon.colcon_core.package_identification:Package 'src/two_lap_control' with type 'ros.ament_python' and name 'two_lap_control'
[1.822s] Level 1:colcon.colcon_core.package_discovery:discover_packages(recursive) using defaults
[1.822s] Level 1:colcon.colcon_core.package_discovery:discover_packages(ignore) discover
[1.822s] Level 1:colcon.colcon_core.package_discovery:discover_packages(ignore) using defaults
[1.822s] Level 1:colcon.colcon_core.package_discovery:discover_packages(path) discover
[1.822s] Level 1:colcon.colcon_core.package_discovery:discover_packages(path) using defaults
[2.004s] INFO:colcon.colcon_core.package_selection:Skipping not selected package 'encoder' in 'src/encoder'
[2.004s] INFO:colcon.colcon_core.package_selection:Skipping not selected package 'hipnuc_imu' in 'src/hipnuc_imu'
[2.004s] INFO:colcon.colcon_core.package_selection:Skipping not selected package 'lidar_tracking' in 'src/lidar_tracking'
[2.004s] INFO:colcon.colcon_core.package_selection:Skipping not selected package 'lslidar_msgs' in 'src/lslidar_msgs'
[2.004s] INFO:colcon.colcon_core.package_selection:Skipping not selected package 'nav2_waypoint_cycle' in 'src/nav2_waypoint_cycle'
[2.004s] INFO:colcon.colcon_core.package_selection:Skipping not selected package 'openslam_gmapping' in 'src/openslam_gmapping'
[2.004s] INFO:colcon.colcon_core.package_selection:Skipping not selected package 'python_myself' in 'src/python_myself'
[2.005s] INFO:colcon.colcon_core.package_selection:Skipping not selected package 'racecar_driver' in 'src/racecar_driver'
[2.005s] INFO:colcon.colcon_core.package_selection:Skipping not selected package 'serial' in 'src/serial-foxy'
[2.005s] INFO:colcon.colcon_core.package_selection:Skipping not selected package 'two_lap_control' in 'src/two_lap_control'
[2.005s] INFO:colcon.colcon_core.package_selection:Skipping not selected package 'lslidar_driver' in 'src/lslidar_driver'
[2.005s] INFO:colcon.colcon_core.package_selection:Skipping not selected package 'slam_gmapping' in 'src/slam_gmapping'
[2.018s] Level 1:colcon.colcon_core.package_discovery:discover_packages(prefix_path) check parameters
[2.018s] Level 1:colcon.colcon_core.package_discovery:discover_packages(prefix_path) discover
[2.034s] DEBUG:colcon.colcon_installed_package_information.package_discovery:Found 15 installed packages in /home/davinci-mini/racecar/install
[2.039s] DEBUG:colcon.colcon_installed_package_information.package_discovery:Found 327 installed packages in /opt/ros/humble
[2.045s] Level 1:colcon.colcon_core.package_discovery:discover_packages(prefix_path) using defaults
[2.253s] Level 5:colcon.colcon_core.verb:set package 'racecar' build argument 'cmake_args' from command line to 'None'
[2.253s] Level 5:colcon.colcon_core.verb:set package 'racecar' build argument 'cmake_target' from command line to 'None'
[2.254s] Level 5:colcon.colcon_core.verb:set package 'racecar' build argument 'cmake_target_skip_unavailable' from command line to 'False'
[2.254s] Level 5:colcon.colcon_core.verb:set package 'racecar' build argument 'cmake_clean_cache' from command line to 'False'
[2.254s] Level 5:colcon.colcon_core.verb:set package 'racecar' build argument 'cmake_clean_first' from command line to 'False'
[2.254s] Level 5:colcon.colcon_core.verb:set package 'racecar' build argument 'cmake_force_configure' from command line to 'False'
[2.254s] Level 5:colcon.colcon_core.verb:set package 'racecar' build argument 'ament_cmake_args' from command line to 'None'
[2.254s] Level 5:colcon.colcon_core.verb:set package 'racecar' build argument 'catkin_cmake_args' from command line to 'None'
[2.254s] Level 5:colcon.colcon_core.verb:set package 'racecar' build argument 'catkin_skip_building_tests' from command line to 'False'
[2.254s] DEBUG:colcon.colcon_core.verb:Building package 'racecar' with the following arguments: {'ament_cmake_args': None, 'build_base': '/home/davinci-mini/racecar/build/racecar', 'catkin_cmake_args': None, 'catkin_skip_building_tests': False, 'cmake_args': None, 'cmake_clean_cache': False, 'cmake_clean_first': False, 'cmake_force_configure': False, 'cmake_target': None, 'cmake_target_skip_unavailable': False, 'install_base': '/home/davinci-mini/racecar/install/racecar', 'merge_install': False, 'path': '/home/davinci-mini/racecar/src/racecar', 'symlink_install': True, 'test_result_base': None}
[2.255s] INFO:colcon.colcon_core.executor:Executing jobs using 'parallel' executor
[2.258s] DEBUG:colcon.colcon_parallel_executor.executor.parallel:run_until_complete
[2.259s] INFO:colcon.colcon_ros.task.ament_cmake.build:Building ROS package in '/home/davinci-mini/racecar/src/racecar' with build type 'ament_cmake'
[2.260s] INFO:colcon.colcon_cmake.task.cmake.build:Building CMake package in '/home/davinci-mini/racecar/src/racecar'
[2.274s] INFO:colcon.colcon_core.plugin_system:Skipping extension 'colcon_core.shell.bat': Not used on non-Windows systems
[2.275s] INFO:colcon.colcon_core.shell:Skip shell extension 'powershell' for command environment: Not usable outside of PowerShell
[2.275s] DEBUG:colcon.colcon_core.shell:Skip shell extension 'dsv' for command environment
[2.303s] DEBUG:colcon.colcon_core.event_handler.log_command:Invoking command in '/home/davinci-mini/racecar/build/racecar': CMAKE_PREFIX_PATH=${CMAKE_PREFIX_PATH}:/home/davinci-mini/racecar/install/two_lap_control:/home/davinci-mini/racecar/install/racecar_twoloop:/home/davinci-mini/racecar/install/python_myself:/home/davinci-mini/racecar/install/nav2_waypoint_cycle:/home/davinci-mini/racecar/install/encoder:/opt/ros/humble /usr/bin/cmake --build /home/davinci-mini/racecar/build/racecar -- -j3 -l3
[4.301s] DEBUG:colcon.colcon_core.event_handler.log_command:Invoked command in '/home/davinci-mini/racecar/build/racecar' returned '0': CMAKE_PREFIX_PATH=${CMAKE_PREFIX_PATH}:/home/davinci-mini/racecar/install/two_lap_control:/home/davinci-mini/racecar/install/racecar_twoloop:/home/davinci-mini/racecar/install/python_myself:/home/davinci-mini/racecar/install/nav2_waypoint_cycle:/home/davinci-mini/racecar/install/encoder:/opt/ros/humble /usr/bin/cmake --build /home/davinci-mini/racecar/build/racecar -- -j3 -l3
[4.328s] DEBUG:colcon.colcon_core.event_handler.log_command:Invoking command in '/home/davinci-mini/racecar/build/racecar': CMAKE_PREFIX_PATH=${CMAKE_PREFIX_PATH}:/home/davinci-mini/racecar/install/two_lap_control:/home/davinci-mini/racecar/install/racecar_twoloop:/home/davinci-mini/racecar/install/python_myself:/home/davinci-mini/racecar/install/nav2_waypoint_cycle:/home/davinci-mini/racecar/install/encoder:/opt/ros/humble /usr/bin/cmake --install /home/davinci-mini/racecar/build/racecar
[4.613s] Level 1:colcon.colcon_core.environment:create_environment_scripts_only(racecar)
[4.615s] DEBUG:colcon.colcon_core.event_handler.log_command:Invoked command in '/home/davinci-mini/racecar/build/racecar' returned '0': CMAKE_PREFIX_PATH=${CMAKE_PREFIX_PATH}:/home/davinci-mini/racecar/install/two_lap_control:/home/davinci-mini/racecar/install/racecar_twoloop:/home/davinci-mini/racecar/install/python_myself:/home/davinci-mini/racecar/install/nav2_waypoint_cycle:/home/davinci-mini/racecar/install/encoder:/opt/ros/humble /usr/bin/cmake --install /home/davinci-mini/racecar/build/racecar
[4.630s] Level 1:colcon.colcon_core.environment:checking '/home/davinci-mini/racecar/install/racecar' for CMake module files
[4.633s] Level 1:colcon.colcon_core.environment:checking '/home/davinci-mini/racecar/install/racecar' for CMake config files
[4.637s] Level 1:colcon.colcon_core.shell:create_environment_hook('racecar', 'cmake_prefix_path')
[4.638s] INFO:colcon.colcon_core.shell:Creating environment hook '/home/davinci-mini/racecar/install/racecar/share/racecar/hook/cmake_prefix_path.ps1'
[4.641s] INFO:colcon.colcon_core.shell:Creating environment descriptor '/home/davinci-mini/racecar/install/racecar/share/racecar/hook/cmake_prefix_path.dsv'
[4.643s] INFO:colcon.colcon_core.shell:Creating environment hook '/home/davinci-mini/racecar/install/racecar/share/racecar/hook/cmake_prefix_path.sh'
[4.647s] Level 1:colcon.colcon_core.environment:checking '/home/davinci-mini/racecar/install/racecar/lib'
[4.647s] Level 1:colcon.colcon_core.environment:checking '/home/davinci-mini/racecar/install/racecar/bin'
[4.647s] Level 1:colcon.colcon_core.environment:checking '/home/davinci-mini/racecar/install/racecar/lib/pkgconfig/racecar.pc'
[4.648s] Level 1:colcon.colcon_core.environment:checking '/home/davinci-mini/racecar/install/racecar/lib/python3.10/site-packages'
[4.649s] Level 1:colcon.colcon_core.environment:checking '/home/davinci-mini/racecar/install/racecar/bin'
[4.650s] INFO:colcon.colcon_core.shell:Creating package script '/home/davinci-mini/racecar/install/racecar/share/racecar/package.ps1'
[4.654s] INFO:colcon.colcon_core.shell:Creating package descriptor '/home/davinci-mini/racecar/install/racecar/share/racecar/package.dsv'
[4.656s] INFO:colcon.colcon_core.shell:Creating package script '/home/davinci-mini/racecar/install/racecar/share/racecar/package.sh'
[4.659s] INFO:colcon.colcon_core.shell:Creating package script '/home/davinci-mini/racecar/install/racecar/share/racecar/package.bash'
[4.663s] INFO:colcon.colcon_core.shell:Creating package script '/home/davinci-mini/racecar/install/racecar/share/racecar/package.zsh'
[4.666s] Level 1:colcon.colcon_core.environment:create_file_with_runtime_dependencies(/home/davinci-mini/racecar/install/racecar/share/colcon-core/packages/racecar)
[4.668s] Level 1:colcon.colcon_core.environment:create_environment_scripts_only(racecar)
[4.669s] Level 1:colcon.colcon_core.environment:checking '/home/davinci-mini/racecar/install/racecar' for CMake module files
[4.671s] Level 1:colcon.colcon_core.environment:checking '/home/davinci-mini/racecar/install/racecar' for CMake config files
[4.675s] Level 1:colcon.colcon_core.shell:create_environment_hook('racecar', 'cmake_prefix_path')
[4.676s] INFO:colcon.colcon_core.shell:Creating environment hook '/home/davinci-mini/racecar/install/racecar/share/racecar/hook/cmake_prefix_path.ps1'
[4.677s] INFO:colcon.colcon_core.shell:Creating environment descriptor '/home/davinci-mini/racecar/install/racecar/share/racecar/hook/cmake_prefix_path.dsv'
[4.678s] INFO:colcon.colcon_core.shell:Creating environment hook '/home/davinci-mini/racecar/install/racecar/share/racecar/hook/cmake_prefix_path.sh'
[4.680s] Level 1:colcon.colcon_core.environment:checking '/home/davinci-mini/racecar/install/racecar/lib'
[4.681s] Level 1:colcon.colcon_core.environment:checking '/home/davinci-mini/racecar/install/racecar/bin'
[4.681s] Level 1:colcon.colcon_core.environment:checking '/home/davinci-mini/racecar/install/racecar/lib/pkgconfig/racecar.pc'
[4.682s] Level 1:colcon.colcon_core.environment:checking '/home/davinci-mini/racecar/install/racecar/lib/python3.10/site-packages'
[4.683s] Level 1:colcon.colcon_core.environment:checking '/home/davinci-mini/racecar/install/racecar/bin'
[4.684s] INFO:colcon.colcon_core.shell:Creating package script '/home/davinci-mini/racecar/install/racecar/share/racecar/package.ps1'
[4.686s] INFO:colcon.colcon_core.shell:Creating package descriptor '/home/davinci-mini/racecar/install/racecar/share/racecar/package.dsv'
[4.687s] INFO:colcon.colcon_core.shell:Creating package script '/home/davinci-mini/racecar/install/racecar/share/racecar/package.sh'
[4.689s] INFO:colcon.colcon_core.shell:Creating package script '/home/davinci-mini/racecar/install/racecar/share/racecar/package.bash'
[4.690s] INFO:colcon.colcon_core.shell:Creating package script '/home/davinci-mini/racecar/install/racecar/share/racecar/package.zsh'
[4.692s] Level 1:colcon.colcon_core.environment:create_file_with_runtime_dependencies(/home/davinci-mini/racecar/install/racecar/share/colcon-core/packages/racecar)
[4.693s] DEBUG:colcon.colcon_parallel_executor.executor.parallel:closing loop
[4.695s] DEBUG:colcon.colcon_parallel_executor.executor.parallel:loop closed
[4.695s] DEBUG:colcon.colcon_parallel_executor.executor.parallel:run_until_complete finished with '0'
[4.695s] DEBUG:colcon.colcon_core.event_reactor:joining thread
[4.716s] INFO:colcon.colcon_core.plugin_system:Skipping extension 'colcon_notification.desktop_notification.terminal_notifier': Not used on non-Darwin systems
[4.716s] INFO:colcon.colcon_core.plugin_system:Skipping extension 'colcon_notification.desktop_notification.win32': Not used on non-Windows systems
[4.716s] INFO:colcon.colcon_notification.desktop_notification:Sending desktop notification using 'notify2'
[29.741s] DEBUG:colcon.colcon_notification.desktop_notification.notify2:Failed to initialize notify2: org.freedesktop.DBus.Error.NoReply: Did not receive a reply. Possible causes include: the remote application did not send a reply, the message bus security policy blocked the reply, the reply timeout expired, or the network connection was broken.
[29.741s] DEBUG:colcon.colcon_core.event_reactor:joined thread
[29.743s] INFO:colcon.colcon_core.shell:Creating prefix script '/home/davinci-mini/racecar/install/local_setup.ps1'
[29.747s] INFO:colcon.colcon_core.shell:Creating prefix util module '/home/davinci-mini/racecar/install/_local_setup_util_ps1.py'
[29.753s] INFO:colcon.colcon_core.shell:Creating prefix chain script '/home/davinci-mini/racecar/install/setup.ps1'
[29.759s] INFO:colcon.colcon_core.shell:Creating prefix script '/home/davinci-mini/racecar/install/local_setup.sh'
[29.762s] INFO:colcon.colcon_core.shell:Creating prefix util module '/home/davinci-mini/racecar/install/_local_setup_util_sh.py'
[29.764s] INFO:colcon.colcon_core.shell:Creating prefix chain script '/home/davinci-mini/racecar/install/setup.sh'
[29.770s] INFO:colcon.colcon_core.shell:Creating prefix script '/home/davinci-mini/racecar/install/local_setup.bash'
[29.772s] INFO:colcon.colcon_core.shell:Creating prefix chain script '/home/davinci-mini/racecar/install/setup.bash'
[29.778s] INFO:colcon.colcon_core.shell:Creating prefix script '/home/davinci-mini/racecar/install/local_setup.zsh'
[29.780s] INFO:colcon.colcon_core.shell:Creating prefix chain script '/home/davinci-mini/racecar/install/setup.zsh'
