[0.040s] Invoking command in '/home/davinci-mini/racecar/src/lidar_tracking/build/lidar_tracking': CMAKE_PREFIX_PATH=${CMAKE_PREFIX_PATH}:/home/davinci-mini/racecar/install/nav2_waypoint_cycle:/home/davinci-mini/racecar/install/encoder:/opt/ros/humble /usr/bin/cmake /home/davinci-mini/racecar/src/lidar_tracking -DCMAKE_INSTALL_PREFIX=/home/davinci-mini/racecar/src/lidar_tracking/install/lidar_tracking
[0.615s] -- The C compiler identification is GNU 11.4.0
[1.099s] -- The CXX compiler identification is GNU 11.4.0
[1.144s] -- Detecting C compiler ABI info
[1.385s] -- Detecting C compiler ABI info - done
[1.414s] -- Check for working C compiler: /usr/bin/cc - skipped
[1.415s] -- Detecting C compile features
[1.418s] -- Detecting C compile features - done
[1.431s] -- Detecting CXX compiler ABI info
[1.672s] -- Detecting CXX compiler ABI info - done
[1.725s] -- Check for working CXX compiler: /usr/bin/c++ - skipped
[1.726s] -- Detecting CXX compile features
[1.728s] -- Detecting CXX compile features - done
[1.748s] -- Found ament_cmake: 1.3.11 (/opt/ros/humble/share/ament_cmake/cmake)
[2.329s] -- Found Python3: /usr/bin/python3 (found version "3.10.12") found components: Interpreter 
[2.791s] -- Found geometry_msgs: 4.8.0 (/opt/ros/humble/share/geometry_msgs/cmake)
[2.973s] -- Found rosidl_generator_c: 3.1.6 (/opt/ros/humble/share/rosidl_generator_c/cmake)
[2.999s] -- Found rosidl_adapter: 3.1.6 (/opt/ros/humble/share/rosidl_adapter/cmake)
[3.042s] -- Found rosidl_generator_cpp: 3.1.6 (/opt/ros/humble/share/rosidl_generator_cpp/cmake)
[3.124s] -- Using all available rosidl_typesupport_c: rosidl_typesupport_fastrtps_c;rosidl_typesupport_introspection_c
[3.242s] -- Using all available rosidl_typesupport_cpp: rosidl_typesupport_fastrtps_cpp;rosidl_typesupport_introspection_cpp
[3.441s] -- Found rclcpp: 16.0.12 (/opt/ros/humble/share/rclcpp/cmake)
[3.641s] -- Found rmw_implementation_cmake: 6.1.2 (/opt/ros/humble/share/rmw_implementation_cmake/cmake)
[3.680s] -- Found rmw_fastrtps_cpp: 6.2.7 (/opt/ros/humble/share/rmw_fastrtps_cpp/cmake)
[3.986s] -- Found OpenSSL: /usr/lib/aarch64-linux-gnu/libcrypto.so (found version "3.0.2")  
[4.073s] -- Found FastRTPS: /opt/ros/humble/include  
[4.233s] -- Using RMW implementation 'rmw_fastrtps_cpp' as default
[4.285s] -- Looking for pthread.h
[4.516s] -- Looking for pthread.h - found
[4.517s] -- Performing Test CMAKE_HAVE_LIBC_PTHREAD
[4.782s] -- Performing Test CMAKE_HAVE_LIBC_PTHREAD - Success
[4.785s] -- Found Threads: TRUE  
[4.972s] -- Found sensor_msgs: 4.8.0 (/opt/ros/humble/share/sensor_msgs/cmake)
[5.376s] -- Configuring done
[5.408s] -- Generating done
[5.422s] -- Build files have been written to: /home/davinci-mini/racecar/src/lidar_tracking/build/lidar_tracking
[5.454s] Invoked command in '/home/davinci-mini/racecar/src/lidar_tracking/build/lidar_tracking' returned '0': CMAKE_PREFIX_PATH=${CMAKE_PREFIX_PATH}:/home/davinci-mini/racecar/install/nav2_waypoint_cycle:/home/davinci-mini/racecar/install/encoder:/opt/ros/humble /usr/bin/cmake /home/davinci-mini/racecar/src/lidar_tracking -DCMAKE_INSTALL_PREFIX=/home/davinci-mini/racecar/src/lidar_tracking/install/lidar_tracking
[5.459s] Invoking command in '/home/davinci-mini/racecar/src/lidar_tracking/build/lidar_tracking': CMAKE_PREFIX_PATH=${CMAKE_PREFIX_PATH}:/home/davinci-mini/racecar/install/nav2_waypoint_cycle:/home/davinci-mini/racecar/install/encoder:/opt/ros/humble /usr/bin/cmake --build /home/davinci-mini/racecar/src/lidar_tracking/build/lidar_tracking -- -j3 -l3
[5.588s] [ 50%] [32mBuilding CXX object CMakeFiles/lidar_tracking.dir/src/lidar_tracking.cpp.o[0m
[39.507s] [100%] [32m[1mLinking CXX executable lidar_tracking[0m
[41.467s] [100%] Built target lidar_tracking
[41.496s] Invoked command in '/home/davinci-mini/racecar/src/lidar_tracking/build/lidar_tracking' returned '0': CMAKE_PREFIX_PATH=${CMAKE_PREFIX_PATH}:/home/davinci-mini/racecar/install/nav2_waypoint_cycle:/home/davinci-mini/racecar/install/encoder:/opt/ros/humble /usr/bin/cmake --build /home/davinci-mini/racecar/src/lidar_tracking/build/lidar_tracking -- -j3 -l3
[41.523s] Invoking command in '/home/davinci-mini/racecar/src/lidar_tracking/build/lidar_tracking': CMAKE_PREFIX_PATH=${CMAKE_PREFIX_PATH}:/home/davinci-mini/racecar/install/nav2_waypoint_cycle:/home/davinci-mini/racecar/install/encoder:/opt/ros/humble /usr/bin/cmake --install /home/davinci-mini/racecar/src/lidar_tracking/build/lidar_tracking
[41.543s] -- Install configuration: ""
[41.543s] -- Installing: /home/davinci-mini/racecar/src/lidar_tracking/install/lidar_tracking/lib/lidar_tracking/lidar_tracking
[41.555s] -- Set runtime path of "/home/davinci-mini/racecar/src/lidar_tracking/install/lidar_tracking/lib/lidar_tracking/lidar_tracking" to ""
[41.555s] -- Installing: /home/davinci-mini/racecar/src/lidar_tracking/install/lidar_tracking/share/lidar_tracking/launch
[41.555s] -- Installing: /home/davinci-mini/racecar/src/lidar_tracking/install/lidar_tracking/share/lidar_tracking/launch/lidar_tracking.launch.py
[41.556s] -- Installing: /home/davinci-mini/racecar/src/lidar_tracking/install/lidar_tracking/share/ament_index/resource_index/package_run_dependencies/lidar_tracking
[41.556s] -- Installing: /home/davinci-mini/racecar/src/lidar_tracking/install/lidar_tracking/share/ament_index/resource_index/parent_prefix_path/lidar_tracking
[41.556s] -- Installing: /home/davinci-mini/racecar/src/lidar_tracking/install/lidar_tracking/share/lidar_tracking/environment/ament_prefix_path.sh
[41.557s] -- Installing: /home/davinci-mini/racecar/src/lidar_tracking/install/lidar_tracking/share/lidar_tracking/environment/ament_prefix_path.dsv
[41.557s] -- Installing: /home/davinci-mini/racecar/src/lidar_tracking/install/lidar_tracking/share/lidar_tracking/environment/path.sh
[41.557s] -- Installing: /home/davinci-mini/racecar/src/lidar_tracking/install/lidar_tracking/share/lidar_tracking/environment/path.dsv
[41.558s] -- Installing: /home/davinci-mini/racecar/src/lidar_tracking/install/lidar_tracking/share/lidar_tracking/local_setup.bash
[41.558s] -- Installing: /home/davinci-mini/racecar/src/lidar_tracking/install/lidar_tracking/share/lidar_tracking/local_setup.sh
[41.559s] -- Installing: /home/davinci-mini/racecar/src/lidar_tracking/install/lidar_tracking/share/lidar_tracking/local_setup.zsh
[41.559s] -- Installing: /home/davinci-mini/racecar/src/lidar_tracking/install/lidar_tracking/share/lidar_tracking/local_setup.dsv
[41.559s] -- Installing: /home/davinci-mini/racecar/src/lidar_tracking/install/lidar_tracking/share/lidar_tracking/package.dsv
[41.560s] -- Installing: /home/davinci-mini/racecar/src/lidar_tracking/install/lidar_tracking/share/ament_index/resource_index/packages/lidar_tracking
[41.560s] -- Installing: /home/davinci-mini/racecar/src/lidar_tracking/install/lidar_tracking/share/lidar_tracking/cmake/lidar_trackingConfig.cmake
[41.560s] -- Installing: /home/davinci-mini/racecar/src/lidar_tracking/install/lidar_tracking/share/lidar_tracking/cmake/lidar_trackingConfig-version.cmake
[41.561s] -- Installing: /home/davinci-mini/racecar/src/lidar_tracking/install/lidar_tracking/share/lidar_tracking/package.xml
[41.567s] Invoked command in '/home/davinci-mini/racecar/src/lidar_tracking/build/lidar_tracking' returned '0': CMAKE_PREFIX_PATH=${CMAKE_PREFIX_PATH}:/home/davinci-mini/racecar/install/nav2_waypoint_cycle:/home/davinci-mini/racecar/install/encoder:/opt/ros/humble /usr/bin/cmake --install /home/davinci-mini/racecar/src/lidar_tracking/build/lidar_tracking
