[0.414s] DEBUG:colcon:Command line arguments: ['/usr/bin/colcon', 'build', '--packages-select', 'racecar', '--symlink-install']
[0.415s] DEBUG:colcon:Parsed command line arguments: Namespace(log_base=None, log_level=None, verb_name='build', build_base='build', install_base='install', merge_install=False, symlink_install=True, test_result_base=None, continue_on_error=False, executor='parallel', parallel_workers=3, event_handlers=None, ignore_user_meta=False, metas=['./colcon.meta'], base_paths=['.'], packages_ignore=None, packages_ignore_regex=None, paths=None, packages_up_to=None, packages_up_to_regex=None, packages_above=None, packages_above_and_dependencies=None, packages_above_depth=None, packages_select_by_dep=None, packages_skip_by_dep=None, packages_skip_up_to=None, packages_select_build_failed=False, packages_skip_build_finished=False, packages_select_test_failures=False, packages_skip_test_passed=False, packages_select=['racecar'], packages_skip=None, packages_select_regex=None, packages_skip_regex=None, packages_start=None, packages_end=None, allow_overriding=[], cmake_args=None, cmake_target=None, cmake_target_skip_unavailable=False, cmake_clean_cache=False, cmake_clean_first=False, cmake_force_configure=False, ament_cmake_args=None, catkin_cmake_args=None, catkin_skip_building_tests=False, verb_parser=<colcon_defaults.argument_parser.defaults.DefaultArgumentsDecorator object at 0xe7ffdb911210>, verb_extension=<colcon_core.verb.build.BuildVerb object at 0xe7ffdbac2590>, main=<bound method BuildVerb.main of <colcon_core.verb.build.BuildVerb object at 0xe7ffdbac2590>>)
[1.052s] Level 1:colcon.colcon_core.package_discovery:discover_packages(colcon_meta) check parameters
[1.053s] Level 1:colcon.colcon_core.package_discovery:discover_packages(recursive) check parameters
[1.053s] Level 1:colcon.colcon_core.package_discovery:discover_packages(ignore) check parameters
[1.053s] Level 1:colcon.colcon_core.package_discovery:discover_packages(path) check parameters
[1.053s] Level 1:colcon.colcon_core.package_discovery:discover_packages(colcon_meta) discover
[1.054s] Level 1:colcon.colcon_core.package_discovery:discover_packages(recursive) discover
[1.054s] INFO:colcon.colcon_core.package_discovery:Crawling recursively for packages in '/home/davinci-mini/racecar'
[1.054s] Level 1:colcon.colcon_core.package_identification:_identify(.) by extensions ['ignore', 'ignore_ament_install']
[1.054s] Level 1:colcon.colcon_core.package_identification:_identify(.) by extension 'ignore'
[1.055s] Level 1:colcon.colcon_core.package_identification:_identify(.) by extension 'ignore_ament_install'
[1.055s] Level 1:colcon.colcon_core.package_identification:_identify(.) by extensions ['colcon_pkg']
[1.055s] Level 1:colcon.colcon_core.package_identification:_identify(.) by extension 'colcon_pkg'
[1.055s] Level 1:colcon.colcon_core.package_identification:_identify(.) by extensions ['colcon_meta']
[1.055s] Level 1:colcon.colcon_core.package_identification:_identify(.) by extension 'colcon_meta'
[1.056s] Level 1:colcon.colcon_core.package_identification:_identify(.) by extensions ['ros']
[1.056s] Level 1:colcon.colcon_core.package_identification:_identify(.) by extension 'ros'
[1.100s] Level 1:colcon.colcon_core.package_identification:_identify(.) by extensions ['cmake', 'python']
[1.101s] Level 1:colcon.colcon_core.package_identification:_identify(.) by extension 'cmake'
[1.101s] Level 1:colcon.colcon_core.package_identification:_identify(.) by extension 'python'
[1.101s] Level 1:colcon.colcon_core.package_identification:_identify(.) by extensions ['python_setup_py']
[1.101s] Level 1:colcon.colcon_core.package_identification:_identify(.) by extension 'python_setup_py'
[1.102s] Level 1:colcon.colcon_core.package_identification:_identify(build) by extensions ['ignore', 'ignore_ament_install']
[1.102s] Level 1:colcon.colcon_core.package_identification:_identify(build) by extension 'ignore'
[1.102s] Level 1:colcon.colcon_core.package_identification:_identify(build) ignored
[1.103s] Level 1:colcon.colcon_core.package_identification:_identify(install) by extensions ['ignore', 'ignore_ament_install']
[1.103s] Level 1:colcon.colcon_core.package_identification:_identify(install) by extension 'ignore'
[1.103s] Level 1:colcon.colcon_core.package_identification:_identify(install) ignored
[1.104s] Level 1:colcon.colcon_core.package_identification:_identify(log) by extensions ['ignore', 'ignore_ament_install']
[1.104s] Level 1:colcon.colcon_core.package_identification:_identify(log) by extension 'ignore'
[1.104s] Level 1:colcon.colcon_core.package_identification:_identify(log) ignored
[1.105s] Level 1:colcon.colcon_core.package_identification:_identify(src) by extensions ['ignore', 'ignore_ament_install']
[1.105s] Level 1:colcon.colcon_core.package_identification:_identify(src) by extension 'ignore'
[1.105s] Level 1:colcon.colcon_core.package_identification:_identify(src) by extension 'ignore_ament_install'
[1.106s] Level 1:colcon.colcon_core.package_identification:_identify(src) by extensions ['colcon_pkg']
[1.106s] Level 1:colcon.colcon_core.package_identification:_identify(src) by extension 'colcon_pkg'
[1.106s] Level 1:colcon.colcon_core.package_identification:_identify(src) by extensions ['colcon_meta']
[1.106s] Level 1:colcon.colcon_core.package_identification:_identify(src) by extension 'colcon_meta'
[1.106s] Level 1:colcon.colcon_core.package_identification:_identify(src) by extensions ['ros']
[1.106s] Level 1:colcon.colcon_core.package_identification:_identify(src) by extension 'ros'
[1.107s] Level 1:colcon.colcon_core.package_identification:_identify(src) by extensions ['cmake', 'python']
[1.107s] Level 1:colcon.colcon_core.package_identification:_identify(src) by extension 'cmake'
[1.107s] Level 1:colcon.colcon_core.package_identification:_identify(src) by extension 'python'
[1.107s] Level 1:colcon.colcon_core.package_identification:_identify(src) by extensions ['python_setup_py']
[1.107s] Level 1:colcon.colcon_core.package_identification:_identify(src) by extension 'python_setup_py'
[1.108s] Level 1:colcon.colcon_core.package_identification:_identify(src/encoder) by extensions ['ignore', 'ignore_ament_install']
[1.108s] Level 1:colcon.colcon_core.package_identification:_identify(src/encoder) by extension 'ignore'
[1.108s] Level 1:colcon.colcon_core.package_identification:_identify(src/encoder) by extension 'ignore_ament_install'
[1.108s] Level 1:colcon.colcon_core.package_identification:_identify(src/encoder) by extensions ['colcon_pkg']
[1.109s] Level 1:colcon.colcon_core.package_identification:_identify(src/encoder) by extension 'colcon_pkg'
[1.109s] Level 1:colcon.colcon_core.package_identification:_identify(src/encoder) by extensions ['colcon_meta']
[1.109s] Level 1:colcon.colcon_core.package_identification:_identify(src/encoder) by extension 'colcon_meta'
[1.109s] Level 1:colcon.colcon_core.package_identification:_identify(src/encoder) by extensions ['ros']
[1.109s] Level 1:colcon.colcon_core.package_identification:_identify(src/encoder) by extension 'ros'
[1.120s] DEBUG:colcon.colcon_core.package_identification:Package 'src/encoder' with type 'ros.ament_python' and name 'encoder'
[1.120s] Level 1:colcon.colcon_core.package_identification:_identify(src/hipnuc_imu) by extensions ['ignore', 'ignore_ament_install']
[1.121s] Level 1:colcon.colcon_core.package_identification:_identify(src/hipnuc_imu) by extension 'ignore'
[1.121s] Level 1:colcon.colcon_core.package_identification:_identify(src/hipnuc_imu) by extension 'ignore_ament_install'
[1.121s] Level 1:colcon.colcon_core.package_identification:_identify(src/hipnuc_imu) by extensions ['colcon_pkg']
[1.121s] Level 1:colcon.colcon_core.package_identification:_identify(src/hipnuc_imu) by extension 'colcon_pkg'
[1.122s] Level 1:colcon.colcon_core.package_identification:_identify(src/hipnuc_imu) by extensions ['colcon_meta']
[1.122s] Level 1:colcon.colcon_core.package_identification:_identify(src/hipnuc_imu) by extension 'colcon_meta'
[1.122s] Level 1:colcon.colcon_core.package_identification:_identify(src/hipnuc_imu) by extensions ['ros']
[1.122s] Level 1:colcon.colcon_core.package_identification:_identify(src/hipnuc_imu) by extension 'ros'
[1.125s] DEBUG:colcon.colcon_core.package_identification:Package 'src/hipnuc_imu' with type 'ros.ament_cmake' and name 'hipnuc_imu'
[1.125s] Level 1:colcon.colcon_core.package_identification:_identify(src/lidar_tracking) by extensions ['ignore', 'ignore_ament_install']
[1.126s] Level 1:colcon.colcon_core.package_identification:_identify(src/lidar_tracking) by extension 'ignore'
[1.126s] Level 1:colcon.colcon_core.package_identification:_identify(src/lidar_tracking) by extension 'ignore_ament_install'
[1.126s] Level 1:colcon.colcon_core.package_identification:_identify(src/lidar_tracking) by extensions ['colcon_pkg']
[1.126s] Level 1:colcon.colcon_core.package_identification:_identify(src/lidar_tracking) by extension 'colcon_pkg'
[1.127s] Level 1:colcon.colcon_core.package_identification:_identify(src/lidar_tracking) by extensions ['colcon_meta']
[1.127s] Level 1:colcon.colcon_core.package_identification:_identify(src/lidar_tracking) by extension 'colcon_meta'
[1.127s] Level 1:colcon.colcon_core.package_identification:_identify(src/lidar_tracking) by extensions ['ros']
[1.127s] Level 1:colcon.colcon_core.package_identification:_identify(src/lidar_tracking) by extension 'ros'
[1.131s] DEBUG:colcon.colcon_core.package_identification:Package 'src/lidar_tracking' with type 'ros.ament_cmake' and name 'lidar_tracking'
[1.132s] Level 1:colcon.colcon_core.package_identification:_identify(src/lslidar_driver) by extensions ['ignore', 'ignore_ament_install']
[1.132s] Level 1:colcon.colcon_core.package_identification:_identify(src/lslidar_driver) by extension 'ignore'
[1.132s] Level 1:colcon.colcon_core.package_identification:_identify(src/lslidar_driver) by extension 'ignore_ament_install'
[1.132s] Level 1:colcon.colcon_core.package_identification:_identify(src/lslidar_driver) by extensions ['colcon_pkg']
[1.133s] Level 1:colcon.colcon_core.package_identification:_identify(src/lslidar_driver) by extension 'colcon_pkg'
[1.133s] Level 1:colcon.colcon_core.package_identification:_identify(src/lslidar_driver) by extensions ['colcon_meta']
[1.133s] Level 1:colcon.colcon_core.package_identification:_identify(src/lslidar_driver) by extension 'colcon_meta'
[1.133s] Level 1:colcon.colcon_core.package_identification:_identify(src/lslidar_driver) by extensions ['ros']
[1.133s] Level 1:colcon.colcon_core.package_identification:_identify(src/lslidar_driver) by extension 'ros'
[1.136s] DEBUG:colcon.colcon_core.package_identification:Package 'src/lslidar_driver' with type 'ros.ament_cmake' and name 'lslidar_driver'
[1.137s] Level 1:colcon.colcon_core.package_identification:_identify(src/lslidar_msgs) by extensions ['ignore', 'ignore_ament_install']
[1.137s] Level 1:colcon.colcon_core.package_identification:_identify(src/lslidar_msgs) by extension 'ignore'
[1.137s] Level 1:colcon.colcon_core.package_identification:_identify(src/lslidar_msgs) by extension 'ignore_ament_install'
[1.138s] Level 1:colcon.colcon_core.package_identification:_identify(src/lslidar_msgs) by extensions ['colcon_pkg']
[1.138s] Level 1:colcon.colcon_core.package_identification:_identify(src/lslidar_msgs) by extension 'colcon_pkg'
[1.138s] Level 1:colcon.colcon_core.package_identification:_identify(src/lslidar_msgs) by extensions ['colcon_meta']
[1.138s] Level 1:colcon.colcon_core.package_identification:_identify(src/lslidar_msgs) by extension 'colcon_meta'
[1.138s] Level 1:colcon.colcon_core.package_identification:_identify(src/lslidar_msgs) by extensions ['ros']
[1.138s] Level 1:colcon.colcon_core.package_identification:_identify(src/lslidar_msgs) by extension 'ros'
[1.141s] DEBUG:colcon.colcon_core.package_identification:Package 'src/lslidar_msgs' with type 'ros.ament_cmake' and name 'lslidar_msgs'
[1.141s] Level 1:colcon.colcon_core.package_identification:_identify(src/nav2_waypoint_cycle) by extensions ['ignore', 'ignore_ament_install']
[1.142s] Level 1:colcon.colcon_core.package_identification:_identify(src/nav2_waypoint_cycle) by extension 'ignore'
[1.142s] Level 1:colcon.colcon_core.package_identification:_identify(src/nav2_waypoint_cycle) by extension 'ignore_ament_install'
[1.142s] Level 1:colcon.colcon_core.package_identification:_identify(src/nav2_waypoint_cycle) by extensions ['colcon_pkg']
[1.142s] Level 1:colcon.colcon_core.package_identification:_identify(src/nav2_waypoint_cycle) by extension 'colcon_pkg'
[1.142s] Level 1:colcon.colcon_core.package_identification:_identify(src/nav2_waypoint_cycle) by extensions ['colcon_meta']
[1.143s] Level 1:colcon.colcon_core.package_identification:_identify(src/nav2_waypoint_cycle) by extension 'colcon_meta'
[1.143s] Level 1:colcon.colcon_core.package_identification:_identify(src/nav2_waypoint_cycle) by extensions ['ros']
[1.143s] Level 1:colcon.colcon_core.package_identification:_identify(src/nav2_waypoint_cycle) by extension 'ros'
[1.146s] DEBUG:colcon.colcon_core.package_identification:Package 'src/nav2_waypoint_cycle' with type 'ros.ament_python' and name 'nav2_waypoint_cycle'
[1.146s] Level 1:colcon.colcon_core.package_identification:_identify(src/openslam_gmapping) by extensions ['ignore', 'ignore_ament_install']
[1.147s] Level 1:colcon.colcon_core.package_identification:_identify(src/openslam_gmapping) by extension 'ignore'
[1.147s] Level 1:colcon.colcon_core.package_identification:_identify(src/openslam_gmapping) by extension 'ignore_ament_install'
[1.147s] Level 1:colcon.colcon_core.package_identification:_identify(src/openslam_gmapping) by extensions ['colcon_pkg']
[1.147s] Level 1:colcon.colcon_core.package_identification:_identify(src/openslam_gmapping) by extension 'colcon_pkg'
[1.147s] Level 1:colcon.colcon_core.package_identification:_identify(src/openslam_gmapping) by extensions ['colcon_meta']
[1.148s] Level 1:colcon.colcon_core.package_identification:_identify(src/openslam_gmapping) by extension 'colcon_meta'
[1.148s] Level 1:colcon.colcon_core.package_identification:_identify(src/openslam_gmapping) by extensions ['ros']
[1.148s] Level 1:colcon.colcon_core.package_identification:_identify(src/openslam_gmapping) by extension 'ros'
[1.150s] DEBUG:colcon.colcon_core.package_identification:Package 'src/openslam_gmapping' with type 'ros.ament_cmake' and name 'openslam_gmapping'
[1.151s] Level 1:colcon.colcon_core.package_identification:_identify(src/python_myself) by extensions ['ignore', 'ignore_ament_install']
[1.151s] Level 1:colcon.colcon_core.package_identification:_identify(src/python_myself) by extension 'ignore'
[1.151s] Level 1:colcon.colcon_core.package_identification:_identify(src/python_myself) by extension 'ignore_ament_install'
[1.152s] Level 1:colcon.colcon_core.package_identification:_identify(src/python_myself) by extensions ['colcon_pkg']
[1.152s] Level 1:colcon.colcon_core.package_identification:_identify(src/python_myself) by extension 'colcon_pkg'
[1.152s] Level 1:colcon.colcon_core.package_identification:_identify(src/python_myself) by extensions ['colcon_meta']
[1.152s] Level 1:colcon.colcon_core.package_identification:_identify(src/python_myself) by extension 'colcon_meta'
[1.152s] Level 1:colcon.colcon_core.package_identification:_identify(src/python_myself) by extensions ['ros']
[1.152s] Level 1:colcon.colcon_core.package_identification:_identify(src/python_myself) by extension 'ros'
[1.158s] DEBUG:colcon.colcon_core.package_identification:Package 'src/python_myself' with type 'ros.ament_python' and name 'python_myself'
[1.159s] Level 1:colcon.colcon_core.package_identification:_identify(src/racecar) by extensions ['ignore', 'ignore_ament_install']
[1.159s] Level 1:colcon.colcon_core.package_identification:_identify(src/racecar) by extension 'ignore'
[1.159s] Level 1:colcon.colcon_core.package_identification:_identify(src/racecar) by extension 'ignore_ament_install'
[1.160s] Level 1:colcon.colcon_core.package_identification:_identify(src/racecar) by extensions ['colcon_pkg']
[1.160s] Level 1:colcon.colcon_core.package_identification:_identify(src/racecar) by extension 'colcon_pkg'
[1.160s] Level 1:colcon.colcon_core.package_identification:_identify(src/racecar) by extensions ['colcon_meta']
[1.160s] Level 1:colcon.colcon_core.package_identification:_identify(src/racecar) by extension 'colcon_meta'
[1.160s] Level 1:colcon.colcon_core.package_identification:_identify(src/racecar) by extensions ['ros']
[1.160s] Level 1:colcon.colcon_core.package_identification:_identify(src/racecar) by extension 'ros'
[1.167s] DEBUG:colcon.colcon_core.package_identification:Package 'src/racecar' with type 'ros.ament_cmake' and name 'racecar'
[1.167s] Level 1:colcon.colcon_core.package_identification:_identify(src/racecar_driver) by extensions ['ignore', 'ignore_ament_install']
[1.167s] Level 1:colcon.colcon_core.package_identification:_identify(src/racecar_driver) by extension 'ignore'
[1.168s] Level 1:colcon.colcon_core.package_identification:_identify(src/racecar_driver) by extension 'ignore_ament_install'
[1.168s] Level 1:colcon.colcon_core.package_identification:_identify(src/racecar_driver) by extensions ['colcon_pkg']
[1.168s] Level 1:colcon.colcon_core.package_identification:_identify(src/racecar_driver) by extension 'colcon_pkg'
[1.168s] Level 1:colcon.colcon_core.package_identification:_identify(src/racecar_driver) by extensions ['colcon_meta']
[1.168s] Level 1:colcon.colcon_core.package_identification:_identify(src/racecar_driver) by extension 'colcon_meta'
[1.168s] Level 1:colcon.colcon_core.package_identification:_identify(src/racecar_driver) by extensions ['ros']
[1.169s] Level 1:colcon.colcon_core.package_identification:_identify(src/racecar_driver) by extension 'ros'
[1.170s] DEBUG:colcon.colcon_core.package_identification:Package 'src/racecar_driver' with type 'ros.ament_cmake' and name 'racecar_driver'
[1.171s] Level 1:colcon.colcon_core.package_identification:_identify(src/serial-foxy) by extensions ['ignore', 'ignore_ament_install']
[1.171s] Level 1:colcon.colcon_core.package_identification:_identify(src/serial-foxy) by extension 'ignore'
[1.171s] Level 1:colcon.colcon_core.package_identification:_identify(src/serial-foxy) by extension 'ignore_ament_install'
[1.172s] Level 1:colcon.colcon_core.package_identification:_identify(src/serial-foxy) by extensions ['colcon_pkg']
[1.172s] Level 1:colcon.colcon_core.package_identification:_identify(src/serial-foxy) by extension 'colcon_pkg'
[1.172s] Level 1:colcon.colcon_core.package_identification:_identify(src/serial-foxy) by extensions ['colcon_meta']
[1.172s] Level 1:colcon.colcon_core.package_identification:_identify(src/serial-foxy) by extension 'colcon_meta'
[1.172s] Level 1:colcon.colcon_core.package_identification:_identify(src/serial-foxy) by extensions ['ros']
[1.172s] Level 1:colcon.colcon_core.package_identification:_identify(src/serial-foxy) by extension 'ros'
[1.174s] DEBUG:colcon.colcon_core.package_identification:Package 'src/serial-foxy' with type 'ros.ament_cmake' and name 'serial'
[1.175s] Level 1:colcon.colcon_core.package_identification:_identify(src/slam_gmapping) by extensions ['ignore', 'ignore_ament_install']
[1.175s] Level 1:colcon.colcon_core.package_identification:_identify(src/slam_gmapping) by extension 'ignore'
[1.175s] Level 1:colcon.colcon_core.package_identification:_identify(src/slam_gmapping) by extension 'ignore_ament_install'
[1.175s] Level 1:colcon.colcon_core.package_identification:_identify(src/slam_gmapping) by extensions ['colcon_pkg']
[1.176s] Level 1:colcon.colcon_core.package_identification:_identify(src/slam_gmapping) by extension 'colcon_pkg'
[1.176s] Level 1:colcon.colcon_core.package_identification:_identify(src/slam_gmapping) by extensions ['colcon_meta']
[1.176s] Level 1:colcon.colcon_core.package_identification:_identify(src/slam_gmapping) by extension 'colcon_meta'
[1.176s] Level 1:colcon.colcon_core.package_identification:_identify(src/slam_gmapping) by extensions ['ros']
[1.176s] Level 1:colcon.colcon_core.package_identification:_identify(src/slam_gmapping) by extension 'ros'
[1.181s] DEBUG:colcon.colcon_core.package_identification:Package 'src/slam_gmapping' with type 'ros.ament_cmake' and name 'slam_gmapping'
[1.181s] Level 1:colcon.colcon_core.package_identification:_identify(src/two_lap_control) by extensions ['ignore', 'ignore_ament_install']
[1.182s] Level 1:colcon.colcon_core.package_identification:_identify(src/two_lap_control) by extension 'ignore'
[1.182s] Level 1:colcon.colcon_core.package_identification:_identify(src/two_lap_control) by extension 'ignore_ament_install'
[1.182s] Level 1:colcon.colcon_core.package_identification:_identify(src/two_lap_control) by extensions ['colcon_pkg']
[1.182s] Level 1:colcon.colcon_core.package_identification:_identify(src/two_lap_control) by extension 'colcon_pkg'
[1.183s] Level 1:colcon.colcon_core.package_identification:_identify(src/two_lap_control) by extensions ['colcon_meta']
[1.183s] Level 1:colcon.colcon_core.package_identification:_identify(src/two_lap_control) by extension 'colcon_meta'
[1.183s] Level 1:colcon.colcon_core.package_identification:_identify(src/two_lap_control) by extensions ['ros']
[1.183s] Level 1:colcon.colcon_core.package_identification:_identify(src/two_lap_control) by extension 'ros'
[1.186s] DEBUG:colcon.colcon_core.package_identification:Package 'src/two_lap_control' with type 'ros.ament_python' and name 'two_lap_control'
[1.186s] Level 1:colcon.colcon_core.package_discovery:discover_packages(recursive) using defaults
[1.187s] Level 1:colcon.colcon_core.package_discovery:discover_packages(ignore) discover
[1.187s] Level 1:colcon.colcon_core.package_discovery:discover_packages(ignore) using defaults
[1.187s] Level 1:colcon.colcon_core.package_discovery:discover_packages(path) discover
[1.187s] Level 1:colcon.colcon_core.package_discovery:discover_packages(path) using defaults
[1.317s] INFO:colcon.colcon_core.package_selection:Skipping not selected package 'encoder' in 'src/encoder'
[1.317s] INFO:colcon.colcon_core.package_selection:Skipping not selected package 'hipnuc_imu' in 'src/hipnuc_imu'
[1.317s] INFO:colcon.colcon_core.package_selection:Skipping not selected package 'lidar_tracking' in 'src/lidar_tracking'
[1.317s] INFO:colcon.colcon_core.package_selection:Skipping not selected package 'lslidar_msgs' in 'src/lslidar_msgs'
[1.317s] INFO:colcon.colcon_core.package_selection:Skipping not selected package 'nav2_waypoint_cycle' in 'src/nav2_waypoint_cycle'
[1.318s] INFO:colcon.colcon_core.package_selection:Skipping not selected package 'openslam_gmapping' in 'src/openslam_gmapping'
[1.318s] INFO:colcon.colcon_core.package_selection:Skipping not selected package 'python_myself' in 'src/python_myself'
[1.318s] INFO:colcon.colcon_core.package_selection:Skipping not selected package 'racecar_driver' in 'src/racecar_driver'
[1.318s] INFO:colcon.colcon_core.package_selection:Skipping not selected package 'serial' in 'src/serial-foxy'
[1.318s] INFO:colcon.colcon_core.package_selection:Skipping not selected package 'two_lap_control' in 'src/two_lap_control'
[1.318s] INFO:colcon.colcon_core.package_selection:Skipping not selected package 'lslidar_driver' in 'src/lslidar_driver'
[1.318s] INFO:colcon.colcon_core.package_selection:Skipping not selected package 'slam_gmapping' in 'src/slam_gmapping'
[1.320s] Level 1:colcon.colcon_core.package_discovery:discover_packages(prefix_path) check parameters
[1.320s] Level 1:colcon.colcon_core.package_discovery:discover_packages(prefix_path) discover
[1.329s] DEBUG:colcon.colcon_installed_package_information.package_discovery:Found 15 installed packages in /home/davinci-mini/racecar/install
[1.334s] DEBUG:colcon.colcon_installed_package_information.package_discovery:Found 327 installed packages in /opt/ros/humble
[1.340s] Level 1:colcon.colcon_core.package_discovery:discover_packages(prefix_path) using defaults
[1.513s] Level 5:colcon.colcon_core.verb:set package 'racecar' build argument 'cmake_args' from command line to 'None'
[1.513s] Level 5:colcon.colcon_core.verb:set package 'racecar' build argument 'cmake_target' from command line to 'None'
[1.513s] Level 5:colcon.colcon_core.verb:set package 'racecar' build argument 'cmake_target_skip_unavailable' from command line to 'False'
[1.513s] Level 5:colcon.colcon_core.verb:set package 'racecar' build argument 'cmake_clean_cache' from command line to 'False'
[1.513s] Level 5:colcon.colcon_core.verb:set package 'racecar' build argument 'cmake_clean_first' from command line to 'False'
[1.514s] Level 5:colcon.colcon_core.verb:set package 'racecar' build argument 'cmake_force_configure' from command line to 'False'
[1.514s] Level 5:colcon.colcon_core.verb:set package 'racecar' build argument 'ament_cmake_args' from command line to 'None'
[1.514s] Level 5:colcon.colcon_core.verb:set package 'racecar' build argument 'catkin_cmake_args' from command line to 'None'
[1.514s] Level 5:colcon.colcon_core.verb:set package 'racecar' build argument 'catkin_skip_building_tests' from command line to 'False'
[1.514s] DEBUG:colcon.colcon_core.verb:Building package 'racecar' with the following arguments: {'ament_cmake_args': None, 'build_base': '/home/davinci-mini/racecar/build/racecar', 'catkin_cmake_args': None, 'catkin_skip_building_tests': False, 'cmake_args': None, 'cmake_clean_cache': False, 'cmake_clean_first': False, 'cmake_force_configure': False, 'cmake_target': None, 'cmake_target_skip_unavailable': False, 'install_base': '/home/davinci-mini/racecar/install/racecar', 'merge_install': False, 'path': '/home/davinci-mini/racecar/src/racecar', 'symlink_install': True, 'test_result_base': None}
[1.515s] INFO:colcon.colcon_core.executor:Executing jobs using 'parallel' executor
[1.518s] DEBUG:colcon.colcon_parallel_executor.executor.parallel:run_until_complete
[1.518s] INFO:colcon.colcon_ros.task.ament_cmake.build:Building ROS package in '/home/davinci-mini/racecar/src/racecar' with build type 'ament_cmake'
[1.519s] INFO:colcon.colcon_cmake.task.cmake.build:Building CMake package in '/home/davinci-mini/racecar/src/racecar'
[1.526s] INFO:colcon.colcon_core.plugin_system:Skipping extension 'colcon_core.shell.bat': Not used on non-Windows systems
[1.527s] INFO:colcon.colcon_core.shell:Skip shell extension 'powershell' for command environment: Not usable outside of PowerShell
[1.527s] DEBUG:colcon.colcon_core.shell:Skip shell extension 'dsv' for command environment
[1.557s] DEBUG:colcon.colcon_core.event_handler.log_command:Invoking command in '/home/davinci-mini/racecar/build/racecar': CMAKE_PREFIX_PATH=${CMAKE_PREFIX_PATH}:/home/davinci-mini/racecar/install/two_lap_control:/home/davinci-mini/racecar/install/racecar_twoloop:/home/davinci-mini/racecar/install/python_myself:/home/davinci-mini/racecar/install/nav2_waypoint_cycle:/home/davinci-mini/racecar/install/encoder:/opt/ros/humble /usr/bin/cmake --build /home/davinci-mini/racecar/build/racecar -- -j3 -l3
[3.294s] DEBUG:colcon.colcon_core.event_handler.log_command:Invoked command in '/home/davinci-mini/racecar/build/racecar' returned '0': CMAKE_PREFIX_PATH=${CMAKE_PREFIX_PATH}:/home/davinci-mini/racecar/install/two_lap_control:/home/davinci-mini/racecar/install/racecar_twoloop:/home/davinci-mini/racecar/install/python_myself:/home/davinci-mini/racecar/install/nav2_waypoint_cycle:/home/davinci-mini/racecar/install/encoder:/opt/ros/humble /usr/bin/cmake --build /home/davinci-mini/racecar/build/racecar -- -j3 -l3
[3.320s] DEBUG:colcon.colcon_core.event_handler.log_command:Invoking command in '/home/davinci-mini/racecar/build/racecar': CMAKE_PREFIX_PATH=${CMAKE_PREFIX_PATH}:/home/davinci-mini/racecar/install/two_lap_control:/home/davinci-mini/racecar/install/racecar_twoloop:/home/davinci-mini/racecar/install/python_myself:/home/davinci-mini/racecar/install/nav2_waypoint_cycle:/home/davinci-mini/racecar/install/encoder:/opt/ros/humble /usr/bin/cmake --install /home/davinci-mini/racecar/build/racecar
[3.542s] Level 1:colcon.colcon_core.environment:create_environment_scripts_only(racecar)
[3.551s] Level 1:colcon.colcon_core.environment:checking '/home/davinci-mini/racecar/install/racecar' for CMake module files
[3.554s] Level 1:colcon.colcon_core.environment:checking '/home/davinci-mini/racecar/install/racecar' for CMake config files
[3.558s] DEBUG:colcon.colcon_core.event_handler.log_command:Invoked command in '/home/davinci-mini/racecar/build/racecar' returned '0': CMAKE_PREFIX_PATH=${CMAKE_PREFIX_PATH}:/home/davinci-mini/racecar/install/two_lap_control:/home/davinci-mini/racecar/install/racecar_twoloop:/home/davinci-mini/racecar/install/python_myself:/home/davinci-mini/racecar/install/nav2_waypoint_cycle:/home/davinci-mini/racecar/install/encoder:/opt/ros/humble /usr/bin/cmake --install /home/davinci-mini/racecar/build/racecar
[3.559s] Level 1:colcon.colcon_core.shell:create_environment_hook('racecar', 'cmake_prefix_path')
[3.560s] INFO:colcon.colcon_core.shell:Creating environment hook '/home/davinci-mini/racecar/install/racecar/share/racecar/hook/cmake_prefix_path.ps1'
[3.562s] INFO:colcon.colcon_core.shell:Creating environment descriptor '/home/davinci-mini/racecar/install/racecar/share/racecar/hook/cmake_prefix_path.dsv'
[3.564s] INFO:colcon.colcon_core.shell:Creating environment hook '/home/davinci-mini/racecar/install/racecar/share/racecar/hook/cmake_prefix_path.sh'
[3.567s] Level 1:colcon.colcon_core.environment:checking '/home/davinci-mini/racecar/install/racecar/lib'
[3.568s] Level 1:colcon.colcon_core.environment:checking '/home/davinci-mini/racecar/install/racecar/bin'
[3.568s] Level 1:colcon.colcon_core.environment:checking '/home/davinci-mini/racecar/install/racecar/lib/pkgconfig/racecar.pc'
[3.569s] Level 1:colcon.colcon_core.environment:checking '/home/davinci-mini/racecar/install/racecar/lib/python3.10/site-packages'
[3.570s] Level 1:colcon.colcon_core.environment:checking '/home/davinci-mini/racecar/install/racecar/bin'
[3.571s] INFO:colcon.colcon_core.shell:Creating package script '/home/davinci-mini/racecar/install/racecar/share/racecar/package.ps1'
[3.574s] INFO:colcon.colcon_core.shell:Creating package descriptor '/home/davinci-mini/racecar/install/racecar/share/racecar/package.dsv'
[3.576s] INFO:colcon.colcon_core.shell:Creating package script '/home/davinci-mini/racecar/install/racecar/share/racecar/package.sh'
[3.579s] INFO:colcon.colcon_core.shell:Creating package script '/home/davinci-mini/racecar/install/racecar/share/racecar/package.bash'
[3.582s] INFO:colcon.colcon_core.shell:Creating package script '/home/davinci-mini/racecar/install/racecar/share/racecar/package.zsh'
[3.585s] Level 1:colcon.colcon_core.environment:create_file_with_runtime_dependencies(/home/davinci-mini/racecar/install/racecar/share/colcon-core/packages/racecar)
[3.587s] Level 1:colcon.colcon_core.environment:create_environment_scripts_only(racecar)
[3.588s] Level 1:colcon.colcon_core.environment:checking '/home/davinci-mini/racecar/install/racecar' for CMake module files
[3.590s] Level 1:colcon.colcon_core.environment:checking '/home/davinci-mini/racecar/install/racecar' for CMake config files
[3.593s] Level 1:colcon.colcon_core.shell:create_environment_hook('racecar', 'cmake_prefix_path')
[3.594s] INFO:colcon.colcon_core.shell:Creating environment hook '/home/davinci-mini/racecar/install/racecar/share/racecar/hook/cmake_prefix_path.ps1'
[3.596s] INFO:colcon.colcon_core.shell:Creating environment descriptor '/home/davinci-mini/racecar/install/racecar/share/racecar/hook/cmake_prefix_path.dsv'
[3.597s] INFO:colcon.colcon_core.shell:Creating environment hook '/home/davinci-mini/racecar/install/racecar/share/racecar/hook/cmake_prefix_path.sh'
[3.600s] Level 1:colcon.colcon_core.environment:checking '/home/davinci-mini/racecar/install/racecar/lib'
[3.600s] Level 1:colcon.colcon_core.environment:checking '/home/davinci-mini/racecar/install/racecar/bin'
[3.600s] Level 1:colcon.colcon_core.environment:checking '/home/davinci-mini/racecar/install/racecar/lib/pkgconfig/racecar.pc'
[3.601s] Level 1:colcon.colcon_core.environment:checking '/home/davinci-mini/racecar/install/racecar/lib/python3.10/site-packages'
[3.602s] Level 1:colcon.colcon_core.environment:checking '/home/davinci-mini/racecar/install/racecar/bin'
[3.603s] INFO:colcon.colcon_core.shell:Creating package script '/home/davinci-mini/racecar/install/racecar/share/racecar/package.ps1'
[3.605s] INFO:colcon.colcon_core.shell:Creating package descriptor '/home/davinci-mini/racecar/install/racecar/share/racecar/package.dsv'
[3.607s] INFO:colcon.colcon_core.shell:Creating package script '/home/davinci-mini/racecar/install/racecar/share/racecar/package.sh'
[3.609s] INFO:colcon.colcon_core.shell:Creating package script '/home/davinci-mini/racecar/install/racecar/share/racecar/package.bash'
[3.610s] INFO:colcon.colcon_core.shell:Creating package script '/home/davinci-mini/racecar/install/racecar/share/racecar/package.zsh'
[3.612s] Level 1:colcon.colcon_core.environment:create_file_with_runtime_dependencies(/home/davinci-mini/racecar/install/racecar/share/colcon-core/packages/racecar)
[3.615s] DEBUG:colcon.colcon_parallel_executor.executor.parallel:closing loop
[3.615s] DEBUG:colcon.colcon_parallel_executor.executor.parallel:loop closed
[3.615s] DEBUG:colcon.colcon_parallel_executor.executor.parallel:run_until_complete finished with '0'
[3.616s] DEBUG:colcon.colcon_core.event_reactor:joining thread
[3.633s] INFO:colcon.colcon_core.plugin_system:Skipping extension 'colcon_notification.desktop_notification.terminal_notifier': Not used on non-Darwin systems
[3.634s] INFO:colcon.colcon_core.plugin_system:Skipping extension 'colcon_notification.desktop_notification.win32': Not used on non-Windows systems
[3.634s] INFO:colcon.colcon_notification.desktop_notification:Sending desktop notification using 'notify2'
[28.661s] DEBUG:colcon.colcon_notification.desktop_notification.notify2:Failed to initialize notify2: org.freedesktop.DBus.Error.NoReply: Did not receive a reply. Possible causes include: the remote application did not send a reply, the message bus security policy blocked the reply, the reply timeout expired, or the network connection was broken.
[28.662s] DEBUG:colcon.colcon_core.event_reactor:joined thread
[28.663s] INFO:colcon.colcon_core.shell:Creating prefix script '/home/davinci-mini/racecar/install/local_setup.ps1'
[28.666s] INFO:colcon.colcon_core.shell:Creating prefix util module '/home/davinci-mini/racecar/install/_local_setup_util_ps1.py'
[28.672s] INFO:colcon.colcon_core.shell:Creating prefix chain script '/home/davinci-mini/racecar/install/setup.ps1'
[28.678s] INFO:colcon.colcon_core.shell:Creating prefix script '/home/davinci-mini/racecar/install/local_setup.sh'
[28.680s] INFO:colcon.colcon_core.shell:Creating prefix util module '/home/davinci-mini/racecar/install/_local_setup_util_sh.py'
[28.682s] INFO:colcon.colcon_core.shell:Creating prefix chain script '/home/davinci-mini/racecar/install/setup.sh'
[28.687s] INFO:colcon.colcon_core.shell:Creating prefix script '/home/davinci-mini/racecar/install/local_setup.bash'
[28.689s] INFO:colcon.colcon_core.shell:Creating prefix chain script '/home/davinci-mini/racecar/install/setup.bash'
[28.694s] INFO:colcon.colcon_core.shell:Creating prefix script '/home/davinci-mini/racecar/install/local_setup.zsh'
[28.696s] INFO:colcon.colcon_core.shell:Creating prefix chain script '/home/davinci-mini/racecar/install/setup.zsh'
