[0.059s] Invoking command in '/home/davinci-mini/racecar/build/slam_gmapping': CMAKE_PREFIX_PATH=/home/davinci-mini/racecar/install/openslam_gmapping:/home/davinci-mini/racecar/install/slam_gmapping:/home/davinci-mini/racecar/install/serial:/home/davinci-mini/racecar/install/racecar_driver:/home/davinci-mini/racecar/install/racecar:/home/davinci-mini/racecar/install/odom_tf:/home/davinci-mini/racecar/install/lslidar_driver:/home/davinci-mini/racecar/install/lslidar_msgs:/home/davinci-mini/racecar/install/lidar_tracking:/home/davinci-mini/racecar/install/hipnuc_imu:/home/davinci-mini/racecar/install/two_lap_control:/home/davinci-mini/racecar/install/racecar_twoloop:/home/davinci-mini/racecar/install/python_myself:/home/davinci-mini/racecar/install/nav2_waypoint_cycle:/home/davinci-mini/racecar/install/encoder:/opt/ros/humble /usr/bin/cmake /home/davinci-mini/racecar/src/slam_gmapping -DAMENT_CMAKE_SYMLINK_INSTALL=1 -DCMAKE_INSTALL_PREFIX=/home/davinci-mini/racecar/install/slam_gmapping
[0.113s] [0m -fuse-ld=lld -Wl,--disable-new-dtags[0m
[0.114s] -- Found ament_cmake: 1.3.11 (/opt/ros/humble/share/ament_cmake/cmake)
[0.666s] -- Override CMake install command with custom implementation using symlinks instead of copying resources
[0.711s] -- Found std_msgs: 4.8.0 (/opt/ros/humble/share/std_msgs/cmake)
[0.813s] -- Found rosidl_generator_c: 3.1.6 (/opt/ros/humble/share/rosidl_generator_c/cmake)
[0.825s] -- Found rosidl_adapter: 3.1.6 (/opt/ros/humble/share/rosidl_adapter/cmake)
[0.853s] -- Found rosidl_generator_cpp: 3.1.6 (/opt/ros/humble/share/rosidl_generator_cpp/cmake)
[0.899s] -- Using all available rosidl_typesupport_c: rosidl_typesupport_fastrtps_c;rosidl_typesupport_introspection_c
[0.958s] -- Using all available rosidl_typesupport_cpp: rosidl_typesupport_fastrtps_cpp;rosidl_typesupport_introspection_cpp
[1.093s] -- Found nav_msgs: 4.8.0 (/opt/ros/humble/share/nav_msgs/cmake)
[1.218s] -- Found tf2: 0.25.12 (/opt/ros/humble/share/tf2/cmake)
[1.235s] -- Found tf2_ros: 0.25.12 (/opt/ros/humble/share/tf2_ros/cmake)
[1.468s] -- Found rmw_implementation_cmake: 6.1.2 (/opt/ros/humble/share/rmw_implementation_cmake/cmake)
[1.483s] -- Found rmw_fastrtps_cpp: 6.2.7 (/opt/ros/humble/share/rmw_fastrtps_cpp/cmake)
[1.859s] -- Using RMW implementation 'rmw_fastrtps_cpp' as default
[2.344s] -- Found tf2_geometry_msgs: 0.25.12 (/opt/ros/humble/share/tf2_geometry_msgs/cmake)
[2.360s] -- Found eigen3_cmake_module: 0.1.1 (/opt/ros/humble/share/eigen3_cmake_module/cmake)
[2.365s] -- Ensuring Eigen3 include directory is part of orocos-kdl CMake target
[2.373s] -- Found sensor_msgs: 4.8.0 (/opt/ros/humble/share/sensor_msgs/cmake)
[2.478s] -- Found visualization_msgs: 4.8.0 (/opt/ros/humble/share/visualization_msgs/cmake)
[2.588s] -- Found openslam_gmapping: 0.1.2 (/home/davinci-mini/racecar/install/openslam_gmapping/share/openslam_gmapping/cmake)
[2.599s] -- Found ament_lint_auto: 0.12.12 (/opt/ros/humble/share/ament_lint_auto/cmake)
[2.901s] -- Added test 'cppcheck' to perform static code analysis on C / C++ code
[2.902s] -- Configured cppcheck include dirs: /home/davinci-mini/racecar/src/slam_gmapping/include
[2.902s] -- Configured cppcheck exclude dirs and/or files: 
[2.903s] -- Added test 'flake8' to check Python code syntax and style conventions
[2.905s] -- Added test 'lint_cmake' to check CMake code style
[2.907s] -- Added test 'pep257' to check Python code against some of the docstring style conventions in PEP 257
[2.909s] -- Added test 'uncrustify' to check C / C++ code style
[2.909s] -- Configured uncrustify additional arguments: 
[2.911s] -- Added test 'xmllint' to check XML markup files
[2.919s] -- Configuring done
[3.017s] -- Generating done
[3.045s] -- Build files have been written to: /home/davinci-mini/racecar/build/slam_gmapping
[3.074s] Invoked command in '/home/davinci-mini/racecar/build/slam_gmapping' returned '0': CMAKE_PREFIX_PATH=/home/davinci-mini/racecar/install/openslam_gmapping:/home/davinci-mini/racecar/install/slam_gmapping:/home/davinci-mini/racecar/install/serial:/home/davinci-mini/racecar/install/racecar_driver:/home/davinci-mini/racecar/install/racecar:/home/davinci-mini/racecar/install/odom_tf:/home/davinci-mini/racecar/install/lslidar_driver:/home/davinci-mini/racecar/install/lslidar_msgs:/home/davinci-mini/racecar/install/lidar_tracking:/home/davinci-mini/racecar/install/hipnuc_imu:/home/davinci-mini/racecar/install/two_lap_control:/home/davinci-mini/racecar/install/racecar_twoloop:/home/davinci-mini/racecar/install/python_myself:/home/davinci-mini/racecar/install/nav2_waypoint_cycle:/home/davinci-mini/racecar/install/encoder:/opt/ros/humble /usr/bin/cmake /home/davinci-mini/racecar/src/slam_gmapping -DAMENT_CMAKE_SYMLINK_INSTALL=1 -DCMAKE_INSTALL_PREFIX=/home/davinci-mini/racecar/install/slam_gmapping
[3.079s] Invoking command in '/home/davinci-mini/racecar/build/slam_gmapping': CMAKE_PREFIX_PATH=/home/davinci-mini/racecar/install/openslam_gmapping:/home/davinci-mini/racecar/install/slam_gmapping:/home/davinci-mini/racecar/install/serial:/home/davinci-mini/racecar/install/racecar_driver:/home/davinci-mini/racecar/install/racecar:/home/davinci-mini/racecar/install/odom_tf:/home/davinci-mini/racecar/install/lslidar_driver:/home/davinci-mini/racecar/install/lslidar_msgs:/home/davinci-mini/racecar/install/lidar_tracking:/home/davinci-mini/racecar/install/hipnuc_imu:/home/davinci-mini/racecar/install/two_lap_control:/home/davinci-mini/racecar/install/racecar_twoloop:/home/davinci-mini/racecar/install/python_myself:/home/davinci-mini/racecar/install/nav2_waypoint_cycle:/home/davinci-mini/racecar/install/encoder:/opt/ros/humble /usr/bin/cmake --build /home/davinci-mini/racecar/build/slam_gmapping -- -j3 -l3
[3.189s] [35m[1mConsolidate compiler generated dependencies of target slam_gmapping[0m
[3.255s] [ 50%] [32mBuilding CXX object CMakeFiles/slam_gmapping.dir/src/slam_gmapping.cpp.o[0m
[4.610s] In file included from [01m[K/home/davinci-mini/racecar/src/slam_gmapping/include/slam_gmapping/slam_gmapping.h:38[m[K,
[4.610s]                  from [01m[K/home/davinci-mini/racecar/src/slam_gmapping/src/slam_gmapping.cpp:24[m[K:
[4.610s] [01m[K/opt/ros/humble/include/tf2_geometry_msgs/tf2_geometry_msgs/tf2_geometry_msgs.h:35:2:[m[K [01;35m[Kwarning: [m[K#warning This header is obsolete, please include tf2_geometry_msgs/tf2_geometry_msgs.hpp instead [[01;35m[K-Wcpp[m[K]
[4.610s]    35 | #[01;35m[Kwarning[m[K This header is obsolete, please include tf2_geometry_msgs/tf2_geometry_msgs.hpp instead
[4.611s]       |  [01;35m[K^~~~~~~[m[K
[14.615s] In file included from [01m[K/home/davinci-mini/racecar/install/openslam_gmapping/include/gmapping/gridfastslam/gridslamprocessor.h:9[m[K,
[14.615s]                  from [01m[K/home/davinci-mini/racecar/src/slam_gmapping/include/slam_gmapping/slam_gmapping.h:45[m[K,
[14.615s]                  from [01m[K/home/davinci-mini/racecar/src/slam_gmapping/src/slam_gmapping.cpp:24[m[K:
[14.616s] [01m[K/home/davinci-mini/racecar/install/openslam_gmapping/include/gmapping/particlefilter/particlefilter.h:[m[K In function ‘[01m[Kvoid rle(OutputIterator&, const Iterator&, const Iterator&)[m[K’:
[14.616s] [01m[K/home/davinci-mini/racecar/install/openslam_gmapping/include/gmapping/particlefilter/particlefilter.h:140:9:[m[K [01;35m[Kwarning: [m[Kthis ‘[01m[Kif[m[K’ clause does not guard... [[01;35m[K-Wmisleading-indentation[m[K]
[14.616s]   140 |         [01;35m[Kif[m[K (count>0)
[14.616s]       |         [01;35m[K^~[m[K
[14.617s] [01m[K/home/davinci-mini/racecar/install/openslam_gmapping/include/gmapping/particlefilter/particlefilter.h:142:17:[m[K [01;36m[Knote: [m[K...this statement, but the latter is misleadingly indented as if it were guarded by the ‘[01m[Kif[m[K’
[14.617s]   142 |                 [01;36m[Kout[m[K++;
[14.617s]       |                 [01;36m[K^~~[m[K
[15.762s] In file included from [01m[K/usr/include/c++/11/utility:70[m[K,
[15.763s]                  from [01m[K/usr/include/c++/11/tuple:38[m[K,
[15.763s]                  from [01m[K/usr/include/c++/11/mutex:38[m[K,
[15.763s]                  from [01m[K/home/davinci-mini/racecar/src/slam_gmapping/include/slam_gmapping/slam_gmapping.h:26[m[K,
[15.763s]                  from [01m[K/home/davinci-mini/racecar/src/slam_gmapping/src/slam_gmapping.cpp:24[m[K:
[15.764s] /usr/include/c++/11/bits/stl_pair.h: In instantiation of ‘[01m[Kconstexpr std::pair<typename std::__strip_reference_wrapper<typename std::decay<_Tp>::type>::__type, typename std::__strip_reference_wrapper<typename std::decay<_Tp2>::type>::__type> std::make_pair(_T1&&, _T2&&) [with _T1 = GMapping::point<double>&; _T2 = GMapping::point<double>&; typename std::__strip_reference_wrapper<typename std::decay<_Tp2>::type>::__type = GMapping::point<double>; typename std::decay<_Tp2>::type = std::decay<GMapping::point<double>&>::type; typename std::__strip_reference_wrapper<typename std::decay<_Tp>::type>::__type = GMapping::point<double>; typename std::decay<_Tp>::type = std::decay<GMapping::point<double>&>::type][m[K’:
[15.764s] [01m[K/home/davinci-mini/racecar/install/openslam_gmapping/include/gmapping/scanmatcher/scanmatcher.h:127:34:[m[K   required from here
[15.764s] [01m[K/usr/include/c++/11/bits/stl_pair.h:567:5:[m[K [01;36m[Knote: [m[Kparameter passing for argument of type ‘[01m[Kstd::pair<GMapping::point<double>, GMapping::point<double> >[m[K’ when C++17 is enabled changed to match C++14 in GCC 10.1
[15.764s]   567 |     [01;36m[Kmake_pair[m[K(_T1&& __x, _T2&& __y)
[15.765s]       |     [01;36m[K^~~~~~~~~[m[K
[50.061s] [100%] [32m[1mLinking CXX executable slam_gmapping[0m
[52.633s] [100%] Built target slam_gmapping
[52.671s] Invoked command in '/home/davinci-mini/racecar/build/slam_gmapping' returned '0': CMAKE_PREFIX_PATH=/home/davinci-mini/racecar/install/openslam_gmapping:/home/davinci-mini/racecar/install/slam_gmapping:/home/davinci-mini/racecar/install/serial:/home/davinci-mini/racecar/install/racecar_driver:/home/davinci-mini/racecar/install/racecar:/home/davinci-mini/racecar/install/odom_tf:/home/davinci-mini/racecar/install/lslidar_driver:/home/davinci-mini/racecar/install/lslidar_msgs:/home/davinci-mini/racecar/install/lidar_tracking:/home/davinci-mini/racecar/install/hipnuc_imu:/home/davinci-mini/racecar/install/two_lap_control:/home/davinci-mini/racecar/install/racecar_twoloop:/home/davinci-mini/racecar/install/python_myself:/home/davinci-mini/racecar/install/nav2_waypoint_cycle:/home/davinci-mini/racecar/install/encoder:/opt/ros/humble /usr/bin/cmake --build /home/davinci-mini/racecar/build/slam_gmapping -- -j3 -l3
[52.699s] Invoking command in '/home/davinci-mini/racecar/build/slam_gmapping': CMAKE_PREFIX_PATH=/home/davinci-mini/racecar/install/openslam_gmapping:/home/davinci-mini/racecar/install/slam_gmapping:/home/davinci-mini/racecar/install/serial:/home/davinci-mini/racecar/install/racecar_driver:/home/davinci-mini/racecar/install/racecar:/home/davinci-mini/racecar/install/odom_tf:/home/davinci-mini/racecar/install/lslidar_driver:/home/davinci-mini/racecar/install/lslidar_msgs:/home/davinci-mini/racecar/install/lidar_tracking:/home/davinci-mini/racecar/install/hipnuc_imu:/home/davinci-mini/racecar/install/two_lap_control:/home/davinci-mini/racecar/install/racecar_twoloop:/home/davinci-mini/racecar/install/python_myself:/home/davinci-mini/racecar/install/nav2_waypoint_cycle:/home/davinci-mini/racecar/install/encoder:/opt/ros/humble /usr/bin/cmake --install /home/davinci-mini/racecar/build/slam_gmapping
[52.718s] -- Install configuration: ""
[52.719s] -- Execute custom install script
[52.720s] -- Up-to-date symlink: /home/davinci-mini/racecar/install/slam_gmapping/lib/slam_gmapping/slam_gmapping
[52.721s] -- Up-to-date symlink: /home/davinci-mini/racecar/install/slam_gmapping/share/slam_gmapping/launch/slam_gmapping.launch.py
[52.721s] -- Symlinking: /home/davinci-mini/racecar/install/slam_gmapping/share/slam_gmapping/launch/slam_gmapping_params.launch.py
[52.744s] -- Up-to-date symlink: /home/davinci-mini/racecar/install/slam_gmapping/share/ament_index/resource_index/package_run_dependencies/slam_gmapping
[52.746s] -- Up-to-date symlink: /home/davinci-mini/racecar/install/slam_gmapping/share/ament_index/resource_index/parent_prefix_path/slam_gmapping
[52.746s] -- Up-to-date symlink: /home/davinci-mini/racecar/install/slam_gmapping/share/slam_gmapping/environment/ament_prefix_path.sh
[52.747s] -- Up-to-date symlink: /home/davinci-mini/racecar/install/slam_gmapping/share/slam_gmapping/environment/ament_prefix_path.dsv
[52.747s] -- Up-to-date symlink: /home/davinci-mini/racecar/install/slam_gmapping/share/slam_gmapping/environment/path.sh
[52.748s] -- Up-to-date symlink: /home/davinci-mini/racecar/install/slam_gmapping/share/slam_gmapping/environment/path.dsv
[52.748s] -- Up-to-date symlink: /home/davinci-mini/racecar/install/slam_gmapping/share/slam_gmapping/local_setup.bash
[52.748s] -- Up-to-date symlink: /home/davinci-mini/racecar/install/slam_gmapping/share/slam_gmapping/local_setup.sh
[52.749s] -- Up-to-date symlink: /home/davinci-mini/racecar/install/slam_gmapping/share/slam_gmapping/local_setup.zsh
[52.749s] -- Up-to-date symlink: /home/davinci-mini/racecar/install/slam_gmapping/share/slam_gmapping/local_setup.dsv
[52.750s] -- Symlinking: /home/davinci-mini/racecar/install/slam_gmapping/share/slam_gmapping/package.dsv
[52.772s] -- Up-to-date symlink: /home/davinci-mini/racecar/install/slam_gmapping/share/ament_index/resource_index/packages/slam_gmapping
[52.773s] -- Up-to-date symlink: /home/davinci-mini/racecar/install/slam_gmapping/share/slam_gmapping/cmake/slam_gmappingConfig.cmake
[52.773s] -- Up-to-date symlink: /home/davinci-mini/racecar/install/slam_gmapping/share/slam_gmapping/cmake/slam_gmappingConfig-version.cmake
[52.774s] -- Up-to-date symlink: /home/davinci-mini/racecar/install/slam_gmapping/share/slam_gmapping/package.xml
[52.779s] Invoked command in '/home/davinci-mini/racecar/build/slam_gmapping' returned '0': CMAKE_PREFIX_PATH=/home/davinci-mini/racecar/install/openslam_gmapping:/home/davinci-mini/racecar/install/slam_gmapping:/home/davinci-mini/racecar/install/serial:/home/davinci-mini/racecar/install/racecar_driver:/home/davinci-mini/racecar/install/racecar:/home/davinci-mini/racecar/install/odom_tf:/home/davinci-mini/racecar/install/lslidar_driver:/home/davinci-mini/racecar/install/lslidar_msgs:/home/davinci-mini/racecar/install/lidar_tracking:/home/davinci-mini/racecar/install/hipnuc_imu:/home/davinci-mini/racecar/install/two_lap_control:/home/davinci-mini/racecar/install/racecar_twoloop:/home/davinci-mini/racecar/install/python_myself:/home/davinci-mini/racecar/install/nav2_waypoint_cycle:/home/davinci-mini/racecar/install/encoder:/opt/ros/humble /usr/bin/cmake --install /home/davinci-mini/racecar/build/slam_gmapping
