-- Found ament_cmake: 1.3.11 (/opt/ros/humble/share/ament_cmake/cmake)
-- Override CMake install command with custom implementation using symlinks instead of copying resources
-- Found rclcpp: 16.0.12 (/opt/ros/humble/share/rclcpp/cmake)
-- Found rosidl_generator_c: 3.1.6 (/opt/ros/humble/share/rosidl_generator_c/cmake)
-- Found rosidl_adapter: 3.1.6 (/opt/ros/humble/share/rosidl_adapter/cmake)
-- Found rosidl_generator_cpp: 3.1.6 (/opt/ros/humble/share/rosidl_generator_cpp/cmake)
-- Using all available rosidl_typesupport_c: rosidl_typesupport_fastrtps_c;rosidl_typesupport_introspection_c
-- Using all available rosidl_typesupport_cpp: rosidl_typesupport_fastrtps_cpp;rosidl_typesupport_introspection_cpp
-- Found rmw_implementation_cmake: 6.1.2 (/opt/ros/humble/share/rmw_implementation_cmake/cmake)
-- Found rmw_fastrtps_cpp: 6.2.7 (/opt/ros/humble/share/rmw_fastrtps_cpp/cmake)
-- Using RMW implementation 'rmw_fastrtps_cpp' as default
-- Found rclpy: 3.3.16 (/opt/ros/humble/share/rclpy/cmake)
-- Found sensor_msgs: 4.8.0 (/opt/ros/humble/share/sensor_msgs/cmake)
-- Found nav_msgs: 4.8.0 (/opt/ros/humble/share/nav_msgs/cmake)
-- Found tf2: 0.25.12 (/opt/ros/humble/share/tf2/cmake)
-- Found tf2_ros: 0.25.12 (/opt/ros/humble/share/tf2_ros/cmake)
-- Found tf2_geometry_msgs: 0.25.12 (/opt/ros/humble/share/tf2_geometry_msgs/cmake)
-- Found eigen3_cmake_module: 0.1.1 (/opt/ros/humble/share/eigen3_cmake_module/cmake)
-- Ensuring Eigen3 include directory is part of orocos-kdl CMake target
-- Found visualization_msgs: 4.8.0 (/opt/ros/humble/share/visualization_msgs/cmake)
-- Found nav2_amcl: 1.1.18 (/opt/ros/humble/share/nav2_amcl/cmake)
-- Found cv_bridge: 3.2.1 (/opt/ros/humble/share/cv_bridge/cmake)
-- Configuring done
-- Generating done
-- Build files have been written to: /home/davinci-mini/racecar/build/racecar
[35m[1mConsolidate compiler generated dependencies of target car_controller_new[0m
[ 15%] Built target car_controller_new
[35m[1mConsolidate compiler generated dependencies of target my_car_control_new[0m
[ 30%] Built target my_car_control_new
[35m[1mConsolidate compiler generated dependencies of target scan_node[0m
[ 46%] Built target scan_node
[35m[1mConsolidate compiler generated dependencies of target car_control_all[0m
[ 61%] Built target car_control_all
[35m[1mConsolidate compiler generated dependencies of target car_test[0m
[ 84%] Built target car_test
[ 84%] Built target ament_cmake_python_symlink_racecar
[35m[1mConsolidate compiler generated dependencies of target laser_2d_new[0m
[100%] Built target laser_2d_new
running egg_info
writing racecar.egg-info/PKG-INFO
writing dependency_links to racecar.egg-info/dependency_links.txt
writing top-level names to racecar.egg-info/top_level.txt
reading manifest file 'racecar.egg-info/SOURCES.txt'
writing manifest file 'racecar.egg-info/SOURCES.txt'
[100%] Built target ament_cmake_python_build_racecar_egg
-- Install configuration: ""
-- Execute custom install script
-- Up-to-date symlink: /home/davinci-mini/racecar/install/racecar/lib/racecar/car_controller_new
-- Up-to-date symlink: /home/davinci-mini/racecar/install/racecar/lib/racecar/laser_2d_new
-- Up-to-date symlink: /home/davinci-mini/racecar/install/racecar/lib/racecar/my_car_control_new
-- Up-to-date symlink: /home/davinci-mini/racecar/install/racecar/lib/racecar/scan_node
-- Up-to-date symlink: /home/davinci-mini/racecar/install/racecar/lib/racecar/car_control_all
-- Up-to-date symlink: /home/davinci-mini/racecar/install/racecar/lib/racecar/car_test
-- Up-to-date symlink: /home/davinci-mini/racecar/install/racecar/share/racecar/environment/pythonpath.sh
-- Up-to-date symlink: /home/davinci-mini/racecar/install/racecar/share/racecar/environment/pythonpath.dsv
-- Up-to-date symlink: /home/davinci-mini/racecar/install/racecar/local/lib/python3.10/dist-packages/racecar-0.0.0-py3.10.egg-info/PKG-INFO
-- Up-to-date symlink: /home/davinci-mini/racecar/install/racecar/local/lib/python3.10/dist-packages/racecar-0.0.0-py3.10.egg-info/SOURCES.txt
-- Up-to-date symlink: /home/davinci-mini/racecar/install/racecar/local/lib/python3.10/dist-packages/racecar-0.0.0-py3.10.egg-info/dependency_links.txt
-- Up-to-date symlink: /home/davinci-mini/racecar/install/racecar/local/lib/python3.10/dist-packages/racecar-0.0.0-py3.10.egg-info/top_level.txt
-- Up-to-date symlink: /home/davinci-mini/racecar/install/racecar/local/lib/python3.10/dist-packages/racecar/__init__.py
-- Up-to-date symlink: /home/davinci-mini/racecar/install/racecar/local/lib/python3.10/dist-packages/racecar/module_to_import.py
-- Up-to-date symlink: /home/davinci-mini/racecar/install/racecar/lib/racecar/racecar_teleop.py
-- Up-to-date symlink: /home/davinci-mini/racecar/install/racecar/lib/racecar/get.py
-- Up-to-date symlink: /home/davinci-mini/racecar/install/racecar/lib/racecar/detct.py
-- Up-to-date symlink: /home/davinci-mini/racecar/install/racecar/lib/racecar/go.py
-- Up-to-date symlink: /home/davinci-mini/racecar/install/racecar/lib/racecar/line_follow.py
-- Up-to-date symlink: /home/davinci-mini/racecar/install/racecar/lib/racecar/line_follow2.py
-- Up-to-date symlink: /home/davinci-mini/racecar/install/racecar/lib/racecar/zhuitong.py
-- Up-to-date symlink: /home/davinci-mini/racecar/install/racecar/lib/racecar/bus_control.py
-- Up-to-date symlink: /home/davinci-mini/racecar/install/racecar/lib/racecar/cv_follow_node.py
-- Up-to-date symlink: /home/davinci-mini/racecar/install/racecar/lib/racecar/odom_key_debug.py
-- Up-to-date symlink: /home/davinci-mini/racecar/install/racecar/share/racecar/config/camera/camera_info.yaml
-- Up-to-date symlink: /home/davinci-mini/racecar/install/racecar/share/racecar/config/camera/params_1.yaml
-- Up-to-date symlink: /home/davinci-mini/racecar/install/racecar/share/racecar/config/camera/params_2.yaml
-- Up-to-date symlink: /home/davinci-mini/racecar/install/racecar/share/racecar/config/ekf.yaml
-- Up-to-date symlink: /home/davinci-mini/racecar/install/racecar/share/racecar/config/ekf_carto.yaml
-- Up-to-date symlink: /home/davinci-mini/racecar/install/racecar/share/racecar/config/laser_box/x4_laser_filter.yaml
-- Up-to-date symlink: /home/davinci-mini/racecar/install/racecar/share/racecar/config/nav.yaml
-- Up-to-date symlink: /home/davinci-mini/racecar/install/racecar/share/racecar/maps/ceshi1.pgm
-- Up-to-date symlink: /home/davinci-mini/racecar/install/racecar/share/racecar/maps/ceshi1.yaml
-- Up-to-date symlink: /home/davinci-mini/racecar/install/racecar/share/racecar/launch/Run_car.launch.py
-- Up-to-date symlink: /home/davinci-mini/racecar/install/racecar/share/racecar/launch/Run_car_one.launch.py
-- Up-to-date symlink: /home/davinci-mini/racecar/install/racecar/share/racecar/launch/Run_nav.launch.py
-- Up-to-date symlink: /home/davinci-mini/racecar/install/racecar/share/racecar/launch/bringup_launch.py
-- Up-to-date symlink: /home/davinci-mini/racecar/install/racecar/share/racecar/launch/camer.launch.py
-- Up-to-date symlink: /home/davinci-mini/racecar/install/racecar/share/racecar/launch/car_go.launch.py
-- Up-to-date symlink: /home/davinci-mini/racecar/install/racecar/share/racecar/launch/ekf.launch.py
-- Up-to-date symlink: /home/davinci-mini/racecar/install/racecar/share/racecar/launch/xunxian.launch.py
-- Up-to-date symlink: /home/davinci-mini/racecar/install/racecar/share/ament_index/resource_index/package_run_dependencies/racecar
-- Up-to-date symlink: /home/davinci-mini/racecar/install/racecar/share/ament_index/resource_index/parent_prefix_path/racecar
-- Up-to-date symlink: /home/davinci-mini/racecar/install/racecar/share/racecar/environment/ament_prefix_path.sh
-- Up-to-date symlink: /home/davinci-mini/racecar/install/racecar/share/racecar/environment/ament_prefix_path.dsv
-- Up-to-date symlink: /home/davinci-mini/racecar/install/racecar/share/racecar/environment/path.sh
-- Up-to-date symlink: /home/davinci-mini/racecar/install/racecar/share/racecar/environment/path.dsv
-- Up-to-date symlink: /home/davinci-mini/racecar/install/racecar/share/racecar/local_setup.bash
-- Up-to-date symlink: /home/davinci-mini/racecar/install/racecar/share/racecar/local_setup.sh
-- Up-to-date symlink: /home/davinci-mini/racecar/install/racecar/share/racecar/local_setup.zsh
-- Up-to-date symlink: /home/davinci-mini/racecar/install/racecar/share/racecar/local_setup.dsv
-- Symlinking: /home/davinci-mini/racecar/install/racecar/share/racecar/package.dsv
-- Up-to-date symlink: /home/davinci-mini/racecar/install/racecar/share/ament_index/resource_index/packages/racecar
-- Up-to-date symlink: /home/davinci-mini/racecar/install/racecar/share/racecar/cmake/racecarConfig.cmake
-- Up-to-date symlink: /home/davinci-mini/racecar/install/racecar/share/racecar/cmake/racecarConfig-version.cmake
-- Up-to-date symlink: /home/davinci-mini/racecar/install/racecar/share/racecar/package.xml
Listing '/home/davinci-mini/racecar/install/racecar/local/lib/python3.10/dist-packages/racecar'...
Listing '/home/davinci-mini/racecar/install/racecar/local/lib/python3.10/dist-packages/racecar/config'...
Listing '/home/davinci-mini/racecar/install/racecar/local/lib/python3.10/dist-packages/racecar/config/camera'...
Listing '/home/davinci-mini/racecar/install/racecar/local/lib/python3.10/dist-packages/racecar/config/laser_box'...
Listing '/home/davinci-mini/racecar/install/racecar/local/lib/python3.10/dist-packages/racecar/include'...
Listing '/home/davinci-mini/racecar/install/racecar/local/lib/python3.10/dist-packages/racecar/include/racecar'...
Listing '/home/davinci-mini/racecar/install/racecar/local/lib/python3.10/dist-packages/racecar/launch'...
Listing '/home/davinci-mini/racecar/install/racecar/local/lib/python3.10/dist-packages/racecar/map'...
Listing '/home/davinci-mini/racecar/install/racecar/local/lib/python3.10/dist-packages/racecar/maps'...
Listing '/home/davinci-mini/racecar/install/racecar/local/lib/python3.10/dist-packages/racecar/racecar'...
Listing '/home/davinci-mini/racecar/install/racecar/local/lib/python3.10/dist-packages/racecar/rviz'...
Listing '/home/davinci-mini/racecar/install/racecar/local/lib/python3.10/dist-packages/racecar/scripts'...
Listing '/home/davinci-mini/racecar/install/racecar/local/lib/python3.10/dist-packages/racecar/scripts/build'...
Listing '/home/davinci-mini/racecar/install/racecar/local/lib/python3.10/dist-packages/racecar/scripts/install'...
Listing '/home/davinci-mini/racecar/install/racecar/local/lib/python3.10/dist-packages/racecar/scripts/log'...
Listing '/home/davinci-mini/racecar/install/racecar/local/lib/python3.10/dist-packages/racecar/scripts/log/build_2025-03-02_17-14-47'...
Listing '/home/davinci-mini/racecar/install/racecar/local/lib/python3.10/dist-packages/racecar/scripts/log/build_2025-03-02_17-17-54'...
Listing '/home/davinci-mini/racecar/install/racecar/local/lib/python3.10/dist-packages/racecar/scripts/log/build_2025-03-02_17-18-25'...
Listing '/home/davinci-mini/racecar/install/racecar/local/lib/python3.10/dist-packages/racecar/scripts/log/latest'...
Listing '/home/davinci-mini/racecar/install/racecar/local/lib/python3.10/dist-packages/racecar/scripts/log/latest_build'...
Listing '/home/davinci-mini/racecar/install/racecar/local/lib/python3.10/dist-packages/racecar/src'...
